2021-01-18 09:01:19,987 [INFO] Activator:176 - 


2021-01-18 09:01:19,993 [INFO] Activator:177 - !SESSION log4j initialized
2021-01-18 09:01:31,318 [INFO] ApplicationProperties:181 - Using Application install path: C:\ST\STM32CubeIDE_1.3.0\STM32CubeIDE\plugins\com.st.stm32cube.common.mx_5.6.1.202004052303
2021-01-18 09:01:31,341 [INFO] DbMcusXml:72 - Set database path to: C:\ST\STM32CubeIDE_1.3.0\STM32CubeIDE\plugins\com.st.stm32cube.common.mx_5.6.1.202004052303\\db\/mcu/
2021-01-18 09:01:31,347 [INFO] DbBoardsPdsc:54 - Set plugin database path to: C:\ST\STM32CubeIDE_1.3.0\STM32CubeIDE\plugins\com.st.stm32cube.common.mx_5.6.1.202004052303\\db\/plugins/boardmanager/
2021-01-18 09:01:31,348 [INFO] DbMcus:235 - Set plugin images path to: C:\ST\STM32CubeIDE_1.3.0\STM32CubeIDE\plugins\com.st.stm32cube.common.mx_5.6.1.202004052303\\db\/plugins/mcufinder/images/
2021-01-18 09:01:31,348 [INFO] DbBoards:232 - Set plugin images path to: C:\ST\STM32CubeIDE_1.3.0\STM32CubeIDE\plugins\com.st.stm32cube.common.mx_5.6.1.202004052303\\db\/plugins/mcufinder/images/
2021-01-18 09:01:31,357 [INFO] DbMcusAds:85 - Set database path to: C:\Users\Nanodyn - Spare\.stmcufinder\plugins\mcufinder//mcu/
2021-01-18 09:01:31,358 [INFO] DbMcusDocs:108 - Set database path to: C:\Users\Nanodyn - Spare\.stmcufinder\plugins\mcufinder//mcu/
2021-01-18 09:01:31,360 [INFO] DbMcusJson:61 - Set database path to: C:\Users\Nanodyn - Spare\.stmcufinder\plugins\mcufinder//mcu/
2021-01-18 09:01:31,362 [INFO] DbBoardsDocs:97 - Set database path to: C:\Users\Nanodyn - Spare\.stmcufinder\plugins\mcufinder//mcu/
2021-01-18 09:01:31,362 [INFO] DbBoardsJson:51 - Set database path to: C:\Users\Nanodyn - Spare\.stmcufinder\plugins\mcufinder//mcu/
2021-01-18 09:01:31,541 [INFO] CrossReferenceDbSqlite:197 - Set database path to: C:\Users\Nanodyn - Spare\.stmcufinder\plugins\mcufinder//mcu/cs/
2021-01-18 09:01:31,727 [INFO] RulesReader:52 - Compatibility file has been processed (208 Rules)
2021-01-18 09:01:31,827 [INFO] MicroXplorer:570 - Detected Java Version = 1.8.0_242
2021-01-18 09:01:31,828 [INFO] DbMcusXml:72 - Set database path to: C:\ST\STM32CubeIDE_1.3.0\STM32CubeIDE\plugins\com.st.stm32cube.common.mx_5.6.1.202004052303\\db\/mcu/
2021-01-18 09:01:31,828 [INFO] DbBoardsPdsc:54 - Set plugin database path to: C:\ST\STM32CubeIDE_1.3.0\STM32CubeIDE\plugins\com.st.stm32cube.common.mx_5.6.1.202004052303\\db\/plugins/boardmanager/
2021-01-18 09:01:31,828 [INFO] DbMcus:235 - Set plugin images path to: C:\ST\STM32CubeIDE_1.3.0\STM32CubeIDE\plugins\com.st.stm32cube.common.mx_5.6.1.202004052303\\db\/plugins/mcufinder/images/
2021-01-18 09:01:31,830 [INFO] DbBoards:232 - Set plugin images path to: C:\ST\STM32CubeIDE_1.3.0\STM32CubeIDE\plugins\com.st.stm32cube.common.mx_5.6.1.202004052303\\db\/plugins/mcufinder/images/
2021-01-18 09:01:31,830 [WARN] DbFile:36 - Overriding database path with different value: C:\Users\Nanodyn - Spare\.stmcufinder\plugins\mcufinder/ => C:\Users\Nanodyn - Spare\.stmcufinder\plugins\mcufinder
2021-01-18 09:01:31,830 [INFO] DbMcusAds:85 - Set database path to: C:\Users\Nanodyn - Spare\.stmcufinder\plugins\mcufinder//mcu/
2021-01-18 09:01:31,830 [WARN] DbFile:36 - Overriding database path with different value: C:\Users\Nanodyn - Spare\.stmcufinder\plugins\mcufinder/ => C:\Users\Nanodyn - Spare\.stmcufinder\plugins\mcufinder
2021-01-18 09:01:31,831 [INFO] DbMcusDocs:108 - Set database path to: C:\Users\Nanodyn - Spare\.stmcufinder\plugins\mcufinder//mcu/
2021-01-18 09:01:31,831 [WARN] DbFile:36 - Overriding database path with different value: C:\Users\Nanodyn - Spare\.stmcufinder\plugins\mcufinder/ => C:\Users\Nanodyn - Spare\.stmcufinder\plugins\mcufinder
2021-01-18 09:01:31,831 [INFO] DbMcusJson:61 - Set database path to: C:\Users\Nanodyn - Spare\.stmcufinder\plugins\mcufinder//mcu/
2021-01-18 09:01:31,831 [WARN] DbFile:36 - Overriding database path with different value: C:\Users\Nanodyn - Spare\.stmcufinder\plugins\mcufinder/ => C:\Users\Nanodyn - Spare\.stmcufinder\plugins\mcufinder
2021-01-18 09:01:31,831 [INFO] DbBoardsDocs:97 - Set database path to: C:\Users\Nanodyn - Spare\.stmcufinder\plugins\mcufinder//mcu/
2021-01-18 09:01:31,832 [WARN] DbFile:36 - Overriding database path with different value: C:\Users\Nanodyn - Spare\.stmcufinder\plugins\mcufinder/ => C:\Users\Nanodyn - Spare\.stmcufinder\plugins\mcufinder
2021-01-18 09:01:31,832 [INFO] DbBoardsJson:51 - Set database path to: C:\Users\Nanodyn - Spare\.stmcufinder\plugins\mcufinder//mcu/
2021-01-18 09:01:31,832 [WARN] DbFile:36 - Overriding database path with different value: C:\Users\Nanodyn - Spare\.stmcufinder\plugins\mcufinder/ => C:\Users\Nanodyn - Spare\.stmcufinder\plugins\mcufinder
2021-01-18 09:01:31,832 [WARN] DbFile:36 - Overriding database path with different value: C:\Users\Nanodyn - Spare\.stmcufinder\plugins\mcufinder/ => C:\Users\Nanodyn - Spare\.stmcufinder\plugins\mcufinder
2021-01-18 09:01:31,832 [INFO] CrossReferenceDbSqlite:197 - Set database path to: C:\Users\Nanodyn - Spare\.stmcufinder\plugins\mcufinder//mcu/cs/
2021-01-18 09:01:31,908 [INFO] MainPanel:181 - HeapMemory: 298844160
2021-01-18 09:01:32,005 [INFO] DbMcusXml:72 - Set database path to: C:\ST\STM32CubeIDE_1.3.0\STM32CubeIDE\plugins\com.st.stm32cube.common.mx_5.6.1.202004052303\\db\/mcu/
2021-01-18 09:01:32,006 [INFO] DbBoardsPdsc:54 - Set plugin database path to: C:\ST\STM32CubeIDE_1.3.0\STM32CubeIDE\plugins\com.st.stm32cube.common.mx_5.6.1.202004052303\\db\/plugins/boardmanager/
2021-01-18 09:01:32,006 [INFO] DbMcus:235 - Set plugin images path to: C:\ST\STM32CubeIDE_1.3.0\STM32CubeIDE\plugins\com.st.stm32cube.common.mx_5.6.1.202004052303\\db\/plugins/mcufinder/images/
2021-01-18 09:01:32,006 [INFO] DbBoards:232 - Set plugin images path to: C:\ST\STM32CubeIDE_1.3.0\STM32CubeIDE\plugins\com.st.stm32cube.common.mx_5.6.1.202004052303\\db\/plugins/mcufinder/images/
2021-01-18 09:01:32,007 [WARN] DbFile:36 - Overriding database path with different value: C:\Users\Nanodyn - Spare\.stmcufinder\plugins\mcufinder/ => C:\Users\Nanodyn - Spare\.stmcufinder\plugins\mcufinder
2021-01-18 09:01:32,007 [INFO] DbMcusAds:85 - Set database path to: C:\Users\Nanodyn - Spare\.stmcufinder\plugins\mcufinder//mcu/
2021-01-18 09:01:32,007 [WARN] DbFile:36 - Overriding database path with different value: C:\Users\Nanodyn - Spare\.stmcufinder\plugins\mcufinder/ => C:\Users\Nanodyn - Spare\.stmcufinder\plugins\mcufinder
2021-01-18 09:01:32,007 [INFO] DbMcusDocs:108 - Set database path to: C:\Users\Nanodyn - Spare\.stmcufinder\plugins\mcufinder//mcu/
2021-01-18 09:01:32,007 [WARN] DbFile:36 - Overriding database path with different value: C:\Users\Nanodyn - Spare\.stmcufinder\plugins\mcufinder/ => C:\Users\Nanodyn - Spare\.stmcufinder\plugins\mcufinder
2021-01-18 09:01:32,007 [INFO] DbMcusJson:61 - Set database path to: C:\Users\Nanodyn - Spare\.stmcufinder\plugins\mcufinder//mcu/
2021-01-18 09:01:32,008 [WARN] DbFile:36 - Overriding database path with different value: C:\Users\Nanodyn - Spare\.stmcufinder\plugins\mcufinder/ => C:\Users\Nanodyn - Spare\.stmcufinder\plugins\mcufinder
2021-01-18 09:01:32,008 [INFO] DbBoardsDocs:97 - Set database path to: C:\Users\Nanodyn - Spare\.stmcufinder\plugins\mcufinder//mcu/
2021-01-18 09:01:32,008 [WARN] DbFile:36 - Overriding database path with different value: C:\Users\Nanodyn - Spare\.stmcufinder\plugins\mcufinder/ => C:\Users\Nanodyn - Spare\.stmcufinder\plugins\mcufinder
2021-01-18 09:01:32,008 [INFO] DbBoardsJson:51 - Set database path to: C:\Users\Nanodyn - Spare\.stmcufinder\plugins\mcufinder//mcu/
2021-01-18 09:01:32,009 [WARN] DbFile:36 - Overriding database path with different value: C:\Users\Nanodyn - Spare\.stmcufinder\plugins\mcufinder/ => C:\Users\Nanodyn - Spare\.stmcufinder\plugins\mcufinder
2021-01-18 09:01:32,009 [WARN] DbFile:36 - Overriding database path with different value: C:\Users\Nanodyn - Spare\.stmcufinder\plugins\mcufinder/ => C:\Users\Nanodyn - Spare\.stmcufinder\plugins\mcufinder
2021-01-18 09:01:32,009 [INFO] CrossReferenceDbSqlite:197 - Set database path to: C:\Users\Nanodyn - Spare\.stmcufinder\plugins\mcufinder//mcu/cs/
2021-01-18 09:01:32,029 [INFO] ApplicationProperties:181 - Using Application install path: C:\ST\STM32CubeIDE_1.3.0\STM32CubeIDE\plugins\com.st.stm32cube.common.mx_5.6.1.202004052303
2021-01-18 09:01:32,032 [INFO] PluginManage:178 - Search for loadable plugins [exclusion list=, tutovideos]
2021-01-18 09:01:32,033 [INFO] PluginManage:292 - Check plugin analytics
2021-01-18 09:01:32,039 [INFO] PluginManage:342 - Loaded plugin analytics (category:tool,tabindex:-1)
2021-01-18 09:01:32,039 [INFO] PluginManage:292 - Check plugin clock
2021-01-18 09:01:32,050 [INFO] PluginManage:342 - Loaded plugin clock (category:base,tabindex:2)
2021-01-18 09:01:32,050 [INFO] PluginManage:292 - Check plugin ddr
2021-01-18 09:01:32,052 [INFO] PluginManage:342 - Loaded plugin ddr (category:tool,tabindex:6)
2021-01-18 09:01:32,053 [INFO] PluginManage:292 - Check plugin filemanager
2021-01-18 09:01:32,222 [INFO] PluginManage:342 - Loaded plugin filemanager (category:base,tabindex:10)
2021-01-18 09:01:32,222 [INFO] PluginManage:292 - Check plugin ipmanager
2021-01-18 09:01:32,234 [INFO] PluginManage:342 - Loaded plugin ipmanager (category:base,tabindex:5)
2021-01-18 09:01:32,234 [INFO] PluginManage:292 - Check plugin pinoutandconfiguration
2021-01-18 09:01:32,254 [INFO] PluginManage:342 - Loaded plugin pinoutandconfiguration (category:base,tabindex:1)
2021-01-18 09:01:32,254 [INFO] PluginManage:292 - Check plugin pinoutconfig
2021-01-18 09:01:32,282 [INFO] PluginManage:342 - Loaded plugin pinoutconfig (category:base,tabindex:0)
2021-01-18 09:01:32,282 [INFO] PluginManage:292 - Check plugin power
2021-01-18 09:01:32,292 [INFO] PluginManage:342 - Loaded plugin power (category:power,tabindex:4)
2021-01-18 09:01:32,292 [INFO] PluginManage:292 - Check plugin projectmanager
2021-01-18 09:01:32,309 [INFO] PluginManage:342 - Loaded plugin projectmanager (category:projectmanager,tabindex:3)
2021-01-18 09:01:32,309 [INFO] PluginManage:292 - Check plugin thirdparty
2021-01-18 09:01:32,442 [INFO] ThirdPartyDb:295 - Open Third Party DataBase File (C:/Users/Nanodyn - Spare/.stm32cubemx/plugins/thirdparty/db/thirdparties_db.xml) : 74 ms. number of Sw pack : 37
2021-01-18 09:01:32,468 [INFO] PluginManage:342 - Loaded plugin thirdparty (category:base,tabindex:-1)
2021-01-18 09:01:32,468 [INFO] PluginManage:292 - Check plugin tools
2021-01-18 09:01:32,471 [INFO] PluginManage:342 - Loaded plugin tools (category:base,tabindex:7)
2021-01-18 09:01:32,471 [INFO] PluginManage:292 - Check plugin tutovideos
2021-01-18 09:01:32,473 [INFO] PluginManage:347 - Ignore plugin tutovideos (category:base)
2021-01-18 09:01:32,473 [INFO] PluginManage:292 - Check plugin updater
2021-01-18 09:01:32,487 [INFO] PluginManage:342 - Loaded plugin updater (category:base,tabindex:12)
2021-01-18 09:01:32,487 [INFO] PluginManage:265 - PluginManage : Loaded plugins [12]
2021-01-18 09:01:32,677 [INFO] PinOutPanel:1420 - setPackage(No Configuration,No Configuration)
2021-01-18 09:01:32,771 [INFO] IPUIPlugin:65 - create IPUIPlugin
2021-01-18 09:01:32,771 [INFO] PluginManager:200 - loadIPPluginJar : add adc
2021-01-18 09:01:32,774 [INFO] IPUIPlugin:65 - create IPUIPlugin
2021-01-18 09:01:32,774 [INFO] PluginManager:200 - loadIPPluginJar : add aes
2021-01-18 09:01:32,777 [INFO] IPUIPlugin:65 - create IPUIPlugin
2021-01-18 09:01:32,777 [INFO] PluginManager:200 - loadIPPluginJar : add can
2021-01-18 09:01:32,779 [INFO] IPUIPlugin:65 - create IPUIPlugin
2021-01-18 09:01:32,779 [INFO] PluginManager:200 - loadIPPluginJar : add comp
2021-01-18 09:01:32,781 [INFO] IPUIPlugin:65 - create IPUIPlugin
2021-01-18 09:01:32,782 [INFO] PluginManager:200 - loadIPPluginJar : add cryp
2021-01-18 09:01:32,784 [INFO] IPUIPlugin:65 - create IPUIPlugin
2021-01-18 09:01:32,784 [INFO] PluginManager:200 - loadIPPluginJar : add dfsdm
2021-01-18 09:01:32,790 [INFO] IPUIPlugin:65 - create IPUIPlugin
2021-01-18 09:01:32,790 [INFO] PluginManager:200 - loadIPPluginJar : add dma
2021-01-18 09:01:32,793 [INFO] IPUIPlugin:65 - create IPUIPlugin
2021-01-18 09:01:32,793 [INFO] PluginManager:200 - loadIPPluginJar : add fatfs
2021-01-18 09:01:32,798 [INFO] IPUIPlugin:65 - create IPUIPlugin
2021-01-18 09:01:32,798 [INFO] PluginManager:200 - loadIPPluginJar : add fmc
2021-01-18 09:01:32,804 [INFO] IPUIPlugin:65 - create IPUIPlugin
2021-01-18 09:01:32,805 [INFO] PluginManager:200 - loadIPPluginJar : add freertos
2021-01-18 09:01:32,807 [INFO] IPUIPlugin:65 - create IPUIPlugin
2021-01-18 09:01:32,807 [INFO] PluginManager:200 - loadIPPluginJar : add genericplugin
2021-01-18 09:01:32,810 [INFO] IPUIPlugin:65 - create IPUIPlugin
2021-01-18 09:01:32,810 [INFO] PluginManager:200 - loadIPPluginJar : add gfxmmu
2021-01-18 09:01:32,815 [INFO] IPUIPlugin:65 - create IPUIPlugin
2021-01-18 09:01:32,815 [INFO] PluginManager:200 - loadIPPluginJar : add gic
2021-01-18 09:01:32,818 [INFO] IPUIPlugin:65 - create IPUIPlugin
2021-01-18 09:01:32,820 [INFO] PluginManager:200 - loadIPPluginJar : add gpio
2021-01-18 09:01:32,822 [INFO] IPUIPlugin:65 - create IPUIPlugin
2021-01-18 09:01:32,822 [INFO] PluginManager:200 - loadIPPluginJar : add gtzc
2021-01-18 09:01:32,825 [INFO] IPUIPlugin:65 - create IPUIPlugin
2021-01-18 09:01:32,825 [INFO] PluginManager:200 - loadIPPluginJar : add hash
2021-01-18 09:01:32,827 [INFO] IPUIPlugin:65 - create IPUIPlugin
2021-01-18 09:01:32,828 [INFO] PluginManager:200 - loadIPPluginJar : add i2c
2021-01-18 09:01:32,831 [INFO] IPUIPlugin:65 - create IPUIPlugin
2021-01-18 09:01:32,831 [INFO] PluginManager:200 - loadIPPluginJar : add i2s
2021-01-18 09:01:32,835 [INFO] IPUIPlugin:65 - create IPUIPlugin
2021-01-18 09:01:32,835 [INFO] PluginManager:200 - loadIPPluginJar : add ipddr
2021-01-18 09:01:32,837 [INFO] IPUIPlugin:65 - create IPUIPlugin
2021-01-18 09:01:32,838 [INFO] PluginManager:200 - loadIPPluginJar : add ltdc
2021-01-18 09:01:32,842 [INFO] IPUIPlugin:65 - create IPUIPlugin
2021-01-18 09:01:32,842 [INFO] PluginManager:200 - loadIPPluginJar : add mdma
2021-01-18 09:01:32,845 [INFO] IPUIPlugin:65 - create IPUIPlugin
2021-01-18 09:01:32,846 [INFO] PluginManager:200 - loadIPPluginJar : add nvic
2021-01-18 09:01:32,848 [INFO] IPUIPlugin:65 - create IPUIPlugin
2021-01-18 09:01:32,848 [INFO] PluginManager:200 - loadIPPluginJar : add opamp
2021-01-18 09:01:32,852 [INFO] IPUIPlugin:65 - create IPUIPlugin
2021-01-18 09:01:32,852 [INFO] PluginManager:200 - loadIPPluginJar : add pdm2pcm
2021-01-18 09:01:32,858 [INFO] IPUIPlugin:65 - create IPUIPlugin
2021-01-18 09:01:32,862 [INFO] PluginManager:200 - loadIPPluginJar : add plateformsettings
2021-01-18 09:01:32,863 [INFO] IPUIPlugin:65 - create IPUIPlugin
2021-01-18 09:01:32,864 [INFO] PluginManager:200 - loadIPPluginJar : add quadspi
2021-01-18 09:01:32,868 [INFO] IPUIPlugin:65 - create IPUIPlugin
2021-01-18 09:01:32,868 [INFO] PluginManager:200 - loadIPPluginJar : add resmgrutility
2021-01-18 09:01:32,871 [INFO] IPUIPlugin:65 - create IPUIPlugin
2021-01-18 09:01:32,871 [INFO] PluginManager:200 - loadIPPluginJar : add sai
2021-01-18 09:01:32,875 [INFO] IPUIPlugin:65 - create IPUIPlugin
2021-01-18 09:01:32,875 [INFO] PluginManager:200 - loadIPPluginJar : add spi
2021-01-18 09:01:32,878 [INFO] IPUIPlugin:65 - create IPUIPlugin
2021-01-18 09:01:32,880 [INFO] PluginManager:200 - loadIPPluginJar : add stm32_wpan
2021-01-18 09:01:32,881 [INFO] IPUIPlugin:65 - create IPUIPlugin
2021-01-18 09:01:32,881 [INFO] PluginManager:200 - loadIPPluginJar : add tim
2021-01-18 09:01:32,885 [INFO] IPUIPlugin:65 - create IPUIPlugin
2021-01-18 09:01:32,885 [INFO] PluginManager:200 - loadIPPluginJar : add touchsensing
2021-01-18 09:01:32,888 [INFO] IPUIPlugin:65 - create IPUIPlugin
2021-01-18 09:01:32,888 [INFO] PluginManager:200 - loadIPPluginJar : add tracer_emb
2021-01-18 09:01:32,889 [INFO] IPUIPlugin:65 - create IPUIPlugin
2021-01-18 09:01:32,890 [INFO] PluginManager:200 - loadIPPluginJar : add ts
2021-01-18 09:01:32,891 [INFO] IPUIPlugin:65 - create IPUIPlugin
2021-01-18 09:01:32,891 [INFO] PluginManager:200 - loadIPPluginJar : add tsc
2021-01-18 09:01:32,893 [INFO] IPUIPlugin:65 - create IPUIPlugin
2021-01-18 09:01:32,893 [INFO] PluginManager:200 - loadIPPluginJar : add ucpd
2021-01-18 09:01:32,897 [INFO] IPUIPlugin:65 - create IPUIPlugin
2021-01-18 09:01:32,897 [INFO] PluginManager:200 - loadIPPluginJar : add usart
2021-01-18 09:01:33,494 [INFO] BoardConnectionPanel:3472 - [DDR PANEL] STM32CubeIDE environment
2021-01-18 09:01:33,495 [INFO] MainDdrPanel:103 - [DDR PANEL] GETTER - cubeProgrammerPath is: null
2021-01-18 09:01:33,686 [FATAL] Updater:277 - Updater called before beeing initialized
2021-01-18 09:01:33,887 [FATAL] Updater:277 - Updater called before beeing initialized
2021-01-18 09:01:33,893 [INFO] PinOutPanel:1420 - setPackage(No Configuration,No Configuration)
2021-01-18 09:01:33,893 [FATAL] Updater:277 - Updater called before beeing initialized
2021-01-18 09:01:33,898 [INFO] BoardConnectionPanel:3472 - [DDR PANEL] STM32CubeIDE environment
2021-01-18 09:01:33,898 [INFO] MainDdrPanel:103 - [DDR PANEL] GETTER - cubeProgrammerPath is: C:\ST\STM32CubeIDE_1.3.0\STM32CubeIDE\plugins\com.st.stm32cube.ide.mcu.externaltools.cubeprogrammer.win32_1.3.0.202002181050\tools\bin
2021-01-18 09:01:33,902 [INFO] ProgrammerExecThread:148 - [ProgrammerAPI] CubeProgrammer command construction: C:\ST\STM32CubeIDE_1.3.0\STM32CubeIDE\plugins\com.st.stm32cube.ide.mcu.externaltools.cubeprogrammer.win32_1.3.0.202002181050\tools\bin\STM32_Programmer_CLI.exe -l
2021-01-18 09:01:34,211 [INFO] MainDdrPanel:93 - [DDR PANEL] SETTER - Set cubeProgrammerPath to: C:\ST\STM32CubeIDE_1.3.0\STM32CubeIDE\plugins\com.st.stm32cube.ide.mcu.externaltools.cubeprogrammer.win32_1.3.0.202002181050\tools\bin
2021-01-18 09:01:34,221 [INFO] Updater:886 - Updater Version found : 5.6.1
2021-01-18 09:01:34,253 [INFO] ApplicationProperties:181 - Using Application install path: C:\ST\STM32CubeIDE_1.3.0\STM32CubeIDE\plugins\com.st.stm32cube.common.mx_5.6.1.202004052303
2021-01-18 09:01:34,987 [INFO] MainUpdater:2230 - connection check result : 10
2021-01-18 09:01:34,987 [INFO] MainUpdater:2874 - Updater definition file requires update
2021-01-18 09:01:34,989 [INFO] MainUpdater:236 - Updater Check For Update Now.
2021-01-18 09:01:34,990 [INFO] MicroXplorer:420 - Change Database Version : DB.5.0.60
2021-01-18 09:01:35,257 [INFO] ServerAccessManage:348 - Download File updaters.zip
2021-01-18 09:01:35,452 [WARN] MainUpdater:1073 - Updater busy. Cannot search thirdparties
2021-01-18 09:01:36,462 [INFO] FileExtend:225 - Unzip File : updaters.zip
2021-01-18 09:01:36,462 [INFO] FileExtend:240 - Standard Zip Deflate
2021-01-18 09:01:37,821 [INFO] ServerAccessManage:348 - Download File PacksControlFlags.xml
2021-01-18 09:01:38,452 [WARN] MainUpdater:1073 - Updater busy. Cannot search thirdparties
2021-01-18 09:01:38,667 [INFO] ServerAccessManage:348 - Download File cubemx.pidx
2021-01-18 09:01:38,792 [INFO] LoadServerUpdatesThread:301 - End of LoadServerUpdate Thread
2021-01-18 09:01:38,841 [INFO] CheckServerUpdateThread:92 - End of CheckServer Thread
2021-01-18 09:01:39,018 [INFO] MainUpdater:2230 - connection check result : 10
2021-01-18 09:01:39,019 [INFO] LogOutputStream:76 - [STDOUT_REDIRECT] Successfull proxy connection.
2021-01-18 09:01:39,187 [INFO] McuFinderGlobals:40 - Set McuFinder mode to 2 (CubeIDE integrated)
2021-01-18 09:01:39,203 [INFO] FinderPluginLoader:86 - Searching for filters in installed packs
2021-01-18 09:01:39,205 [INFO] DbMcusXml:110 - Load MCU database from C:\ST\STM32CubeIDE_1.3.0\STM32CubeIDE\plugins\com.st.stm32cube.common.mx_5.6.1.202004052303\\db\/mcu/families.xml
2021-01-18 09:01:39,904 [INFO] DbMcusJson:90 - JSON generation date=Tue Jan 12 14:36:04 CAT 2021 (1610454964)
2021-01-18 09:01:40,616 [INFO] DbMcus:171 - Found 1670 MCUs (1625 are supported by CubeMX, 1625 are visible in CubeMX)
2021-01-18 09:01:40,617 [INFO] ApiDb:158 - Load user favorites file C:\Users\Nanodyn - Spare/.stm32cubeide/favorites.mcus.txt: 0 item(s)
2021-01-18 09:01:40,617 [INFO] ApiDb:163 - User favorites MCUs=[]
2021-01-18 09:01:40,617 [INFO] DbMcus:183 - Set 0 / 0 favorites MCUs
2021-01-18 09:01:41,542 [INFO] DbMcusAds:143 - JSON generation date=Fri Jan 08 16:29:53 CAT 2021 (1610116193)
2021-01-18 09:01:41,545 [INFO] LoadUrlFilesThread:161 - End of LoadServerUrlFiles without Thread
2021-01-18 09:01:41,587 [INFO] McuDetailPanel:181 - Set advertising image to C:/Users/Nanodyn - Spare/STM32Cube/Repository/\STM32WB_wireless_module_P4311S_big.png
2021-01-18 09:01:42,151 [INFO] McuFilterPanel:249 - Update 0 favorites MCUs
2021-01-18 09:01:42,161 [INFO] ThirdPartyDb:261 - Close Third Party DataBase File (C:/Users/Nanodyn - Spare/.stm32cubemx/plugins/thirdparty/db/thirdparties_db.xml)
2021-01-18 09:01:42,236 [INFO] IntegrityCheckThread:98 - End integrity checks thread
2021-01-18 09:01:42,297 [INFO] DbBoardsPdsc:92 - Found 22 items
2021-01-18 09:01:42,299 [INFO] DbBoardsPdsc:92 - Found 9 items
2021-01-18 09:01:42,303 [INFO] DbBoardsPdsc:92 - Found 28 items
2021-01-18 09:01:42,304 [INFO] DbBoardsPdsc:92 - Found 1 items
2021-01-18 09:01:42,309 [INFO] DbBoardsPdsc:92 - Found 40 items
2021-01-18 09:01:42,314 [INFO] DbBoardsPdsc:92 - Found 39 items
2021-01-18 09:01:42,316 [INFO] DbBoardsPdsc:92 - Found 2 items
2021-01-18 09:01:42,318 [INFO] DbBoardsPdsc:92 - Found 4 items
2021-01-18 09:01:42,321 [WARN] DbBoardsPdsc:256 - Board STM32H7B3I-DK: unknown feature type=Audio, name=, username=Audio stereo codec with Headphone Amp (CS42L51-CNZ), n=1
2021-01-18 09:01:42,322 [WARN] DbBoardsPdsc:256 - Board STM32H7B3I-DK: unknown feature type=WIFI, name=, username=WIFI 802.11 b/g/n, n=1
2021-01-18 09:01:42,323 [WARN] DbBoardsPdsc:256 - Board STM32H7B3I-EVAL: unknown feature type=Audio, name=, username=Multi-Channel Audio Codec (CS42L51-CNZ), n=1
2021-01-18 09:01:42,323 [WARN] DbBoardsPdsc:256 - Board STM32H7B3I-EVAL: unknown feature type=Meter, name=, username=Power-metering and Temperature-monitoring with sigma-delta modulators, n=1
2021-01-18 09:01:42,323 [WARN] DbBoardsPdsc:256 - Board STM32H7B3I-EVAL: unknown feature type=WIFI, name=, username=WIFI 802.11 a/b/g/n, n=1
2021-01-18 09:01:42,323 [WARN] DbBoardsPdsc:256 - Board STM32H7B3I-EVAL: unknown feature type=Motor, name=, username=Motor Control, n=1
2021-01-18 09:01:42,335 [INFO] DbBoardsJson:80 - JSON generation date=Fri Jan 08 08:00:45 CAT 2021 (1610085645)
2021-01-18 09:01:42,341 [INFO] DbBoards:120 - Found 148 boards (142 are supported by CubeMX)
2021-01-18 09:01:42,349 [INFO] DbBoardsDocs:131 - JSON generation date=Tue Jan 12 14:36:04 CAT 2021 (1610454964)
2021-01-18 09:01:42,360 [INFO] DbBoardsDocs:70 - Found 190 boards documents
2021-01-18 09:01:42,361 [WARN] DbBoards:130 - board NUCLEO-H743ZI2 has no document id list !
2021-01-18 09:01:42,363 [WARN] DbBoards:130 - board P-NUCLEO-WB55-Nucleo has no document id list !
2021-01-18 09:01:42,363 [WARN] DbBoards:130 - board P-NUCLEO-WB55-USBDongle has no document id list !
2021-01-18 09:01:42,363 [WARN] DbBoards:130 - board NUCLEO-WB35CE has no document id list !
2021-01-18 09:01:42,363 [WARN] DbBoards:130 - board STM32F401C-DISCO has no document id list !
2021-01-18 09:01:42,363 [WARN] DbBoards:130 - board STM32F769I-DISC1 has no document id list !
2021-01-18 09:01:42,364 [WARN] DbBoards:130 - board STM32L-DISCOVERY has no document id list !
2021-01-18 09:01:42,365 [WARN] DbBoards:130 - board STM32H747I-DISC1 has no document id list !
2021-01-18 09:01:42,366 [WARN] DbBoards:130 - board STM32MP157A-DK1 has no document id list !
2021-01-18 09:01:42,367 [WARN] DbBoards:130 - board STM32H743I-EVAL2 has no document id list !
2021-01-18 09:01:42,367 [WARN] DbBoards:130 - board STM32H753I-EVAL2 has no document id list !
2021-01-18 09:01:42,367 [WARN] DbBoards:130 - board STM32G474E-EVAL1 has no document id list !
2021-01-18 09:01:42,367 [WARN] DbBoards:130 - board STEVAL-BFA001V1B has no document id list !
2021-01-18 09:01:42,368 [WARN] DbBoards:130 - board STEVAL-BFA001V2B has no document id list !
2021-01-18 09:01:42,368 [WARN] DbBoards:130 - board STEVAL-MKSBOX1V1 has no document id list !
2021-01-18 09:01:42,368 [WARN] DbBoards:130 - board STEVAL-STWINKT1 has no document id list !
2021-01-18 09:01:42,368 [WARN] DbBoards:130 - board STEVAL-IDP005V1 has no document id list !
2021-01-18 09:01:42,368 [WARN] DbBoards:130 - board STEVAL-IDP005V2 has no document id list !
2021-01-18 09:01:43,618 [ERROR] DbBoards:192 - Image file not found for board B-L4S5I-IOT01A: C:\ST\STM32CubeIDE_1.3.0\STM32CubeIDE\plugins\com.st.stm32cube.common.mx_5.6.1.202004052303\\db\/plugins/mcufinder/images/boards/B-L4S5I-IOT01A_small.jpg
2021-01-18 09:01:43,619 [ERROR] DbBoards:192 - Image file not found for board STM32H735G-DK: C:\ST\STM32CubeIDE_1.3.0\STM32CubeIDE\plugins\com.st.stm32cube.common.mx_5.6.1.202004052303\\db\/plugins/mcufinder/images/boards/STM32H735G_DK_small.jpg
2021-01-18 09:01:43,619 [INFO] ApiDb:158 - Load user favorites file C:\Users\Nanodyn - Spare/.stm32cubeide/favorites.boards.txt: 0 item(s)
2021-01-18 09:01:43,619 [INFO] ApiDb:163 - User favorites Boards=[]
2021-01-18 09:01:43,619 [INFO] DbBoards:209 - Set 0 / 0 favorites Boards
2021-01-18 09:01:43,693 [INFO] LoadUrlFilesThread:161 - End of LoadServerUrlFiles without Thread
2021-01-18 09:01:43,693 [INFO] BoardDetailPanel:180 - Set advertising image to C:/Users/Nanodyn - Spare/STM32Cube/Repository/\STM32WB_wireless_module_P4311S_big.png
2021-01-18 09:01:43,714 [INFO] BoardFilterPanel:211 - Update 0 favorites Boards
2021-01-18 09:01:43,804 [INFO] CrossSelectorPresenter:1319 - Cross Selector saved comparison directory: C:\Users\Nanodyn - Spare\.stmcufinder\plugins\mcufinder\mcu\cs_comparisons_mx
2021-01-18 09:01:53,492 [ERROR] LogOutputStream:74 - [STDERR_REDIRECT] [Fatal Error] :3679:42: XML document structures must start and end within the same entity.
2021-01-18 09:01:53,492 [ERROR] LogOutputStream:74 - [STDERR_REDIRECT] 
2021-01-18 09:01:53,501 [ERROR] LogOutputStream:74 - [STDERR_REDIRECT] [Fatal Error] :3679:42: XML document structures must start and end within the same entity.
2021-01-18 09:01:53,503 [ERROR] LogOutputStream:74 - [STDERR_REDIRECT] 
2021-01-18 09:02:16,737 [ERROR] LogOutputStream:74 - [STDERR_REDIRECT] Artifact repository out of sync. Overwriting C:\ST\STM32CubeIDE_1.3.0\STM32CubeIDE\plugins\com.sun.jna.platform_4.5.1.v20190425-1842.jar
2021-01-18 09:02:16,741 [ERROR] LogOutputStream:74 - [STDERR_REDIRECT] Artifact repository out of sync. Overwriting C:\ST\STM32CubeIDE_1.3.0\STM32CubeIDE\plugins\com.sun.jna_4.5.1.v20190425-1842.jar
2021-01-18 09:02:17,860 [INFO] RetryExec:97 - I/O exception (org.apache.http.NoHttpResponseException) caught when processing request to {s}->https://download.eclipse.org:443: The target server failed to respond
2021-01-18 09:02:17,866 [INFO] RetryExec:113 - Retrying request to {s}->https://download.eclipse.org:443
2021-01-18 09:02:30,173 [INFO] DbMcusDocs:142 - JSON generation date=Tue Jan 12 14:36:04 CAT 2021 (1610454964)
2021-01-18 09:02:30,328 [INFO] DbMcusDocs:77 - Found 614 MCUs documents
2021-01-18 09:02:35,255 [ERROR] LogOutputStream:74 - [STDERR_REDIRECT] Artifact repository out of sync. Overwriting C:\ST\STM32CubeIDE_1.3.0\STM32CubeIDE\plugins\com.st.stm32cube.common.ecosystemintegration.stinsider_1.5.0.202011040924
2021-01-18 09:02:35,263 [ERROR] LogOutputStream:74 - [STDERR_REDIRECT] Artifact repository out of sync. Overwriting C:\ST\STM32CubeIDE_1.3.0\STM32CubeIDE\plugins\com.st.stm32cube.common.logger_1.5.0.202011040924
2021-01-18 09:02:35,268 [ERROR] LogOutputStream:74 - [STDERR_REDIRECT] Artifact repository out of sync. Overwriting C:\ST\STM32CubeIDE_1.3.0\STM32CubeIDE\plugins\com.st.stm32cube.common.ecosystemintegration_1.5.0.202011040924
2021-01-18 09:02:35,273 [ERROR] LogOutputStream:74 - [STDERR_REDIRECT] Artifact repository out of sync. Overwriting C:\ST\STM32CubeIDE_1.3.0\STM32CubeIDE\plugins\com.st.stm32cube.common.ecosystemintegration.ui_1.5.0.202011040924
2021-01-18 09:02:35,751 [ERROR] LogOutputStream:74 - [STDERR_REDIRECT] Artifact repository out of sync. Overwriting C:\ST\STM32CubeIDE_1.3.0\STM32CubeIDE\plugins\com.st.stm32cube.common.logger.ui_1.5.0.202011040924
2021-01-18 09:02:36,106 [ERROR] LogOutputStream:74 - [STDERR_REDIRECT] Artifact repository out of sync. Overwriting C:\ST\STM32CubeIDE_1.3.0\STM32CubeIDE\plugins\com.st.stm32cube.common.preferences_1.5.0.202011040924
2021-01-18 09:02:36,184 [ERROR] LogOutputStream:74 - [STDERR_REDIRECT] Artifact repository out of sync. Overwriting C:\ST\STM32CubeIDE_1.3.0\STM32CubeIDE\plugins\com.st.stm32cube.common.projectcreation_1.5.0.202011040924
2021-01-18 09:02:36,213 [ERROR] LogOutputStream:74 - [STDERR_REDIRECT] Artifact repository out of sync. Overwriting C:\ST\STM32CubeIDE_1.3.0\STM32CubeIDE\plugins\com.st.stm32cube.common.projectcreation.ui_1.5.0.202011040924.jar
2021-01-18 09:02:36,574 [ERROR] LogOutputStream:74 - [STDERR_REDIRECT] Artifact repository out of sync. Overwriting C:\ST\STM32CubeIDE_1.3.0\STM32CubeIDE\plugins\com.st.stm32cube.common.utils_1.5.0.202011040924
2021-01-18 09:02:36,629 [ERROR] LogOutputStream:74 - [STDERR_REDIRECT] Artifact repository out of sync. Overwriting C:\ST\STM32CubeIDE_1.3.0\STM32CubeIDE\plugins\com.st.stm32cube.ide.common.services_1.5.0.202011040924
2021-01-18 09:02:36,661 [ERROR] LogOutputStream:74 - [STDERR_REDIRECT] Artifact repository out of sync. Overwriting C:\ST\STM32CubeIDE_1.3.0\STM32CubeIDE\plugins\com.st.stm32cube.ide.common.services.adapted_1.5.0.202011040924
2021-01-18 09:02:37,049 [ERROR] LogOutputStream:74 - [STDERR_REDIRECT] Artifact repository out of sync. Overwriting C:\ST\STM32CubeIDE_1.3.0\STM32CubeIDE\plugins\com.st.stm32cube.ide.common.services.mx_1.5.0.202011040924
2021-01-18 09:02:37,433 [ERROR] LogOutputStream:74 - [STDERR_REDIRECT] Artifact repository out of sync. Overwriting C:\ST\STM32CubeIDE_1.3.0\STM32CubeIDE\plugins\com.st.stm32cube.ide.common.ui_1.5.0.202011040924.jar
2021-01-18 09:02:37,463 [ERROR] LogOutputStream:74 - [STDERR_REDIRECT] Artifact repository out of sync. Overwriting C:\ST\STM32CubeIDE_1.3.0\STM32CubeIDE\plugins\com.st.stm32cube.ide.common.ui.oss_1.5.0.202011040924.jar
2021-01-18 09:02:37,775 [ERROR] LogOutputStream:74 - [STDERR_REDIRECT] Artifact repository out of sync. Overwriting C:\ST\STM32CubeIDE_1.3.0\STM32CubeIDE\plugins\com.st.stm32cube.ide.common.utils_1.5.0.202011040924.jar
2021-01-18 09:02:37,907 [ERROR] LogOutputStream:74 - [STDERR_REDIRECT] Artifact repository out of sync. Overwriting C:\ST\STM32CubeIDE_1.3.0\STM32CubeIDE\plugins\com.st.stm32cube.ide.documentation_1.5.0.202011131254
2021-01-18 09:02:38,164 [ERROR] LogOutputStream:74 - [STDERR_REDIRECT] Artifact repository out of sync. Overwriting C:\ST\STM32CubeIDE_1.3.0\STM32CubeIDE\plugins\com.st.stm32cube.ide.mcu.build_1.5.0.202011040924.jar
2021-01-18 09:02:38,283 [ERROR] LogOutputStream:74 - [STDERR_REDIRECT] Artifact repository out of sync. Overwriting C:\ST\STM32CubeIDE_1.3.0\STM32CubeIDE\plugins\com.st.stm32cube.ide.mcu.build.ui_1.5.0.202011040924.jar
2021-01-18 09:02:38,605 [ERROR] LogOutputStream:74 - [STDERR_REDIRECT] Artifact repository out of sync. Overwriting C:\ST\STM32CubeIDE_1.3.0\STM32CubeIDE\plugins\com.st.stm32cube.ide.mcu.buildanalyzer_1.5.0.202011040924.jar
2021-01-18 09:02:38,618 [ERROR] LogOutputStream:74 - [STDERR_REDIRECT] Artifact repository out of sync. Overwriting C:\ST\STM32CubeIDE_1.3.0\STM32CubeIDE\plugins\com.st.stm32cube.ide.mcu.converters_1.5.0.202011040924.jar
2021-01-18 09:02:38,836 [ERROR] LogOutputStream:74 - [STDERR_REDIRECT] Artifact repository out of sync. Overwriting C:\ST\STM32CubeIDE_1.3.0\STM32CubeIDE\plugins\com.st.stm32cube.ide.mcu.converters.sw4stm32_1.5.0.202011040924.jar
2021-01-18 09:02:39,155 [ERROR] LogOutputStream:74 - [STDERR_REDIRECT] Artifact repository out of sync. Overwriting C:\ST\STM32CubeIDE_1.3.0\STM32CubeIDE\plugins\com.st.stm32cube.ide.mcu.converters.truestudio_1.5.0.202011040924.jar
2021-01-18 09:02:39,267 [ERROR] LogOutputStream:74 - [STDERR_REDIRECT] Artifact repository out of sync. Overwriting C:\ST\STM32CubeIDE_1.3.0\STM32CubeIDE\plugins\com.st.stm32cube.ide.mcu.debug.dsf_1.5.0.202011040924.jar
2021-01-18 09:02:39,277 [ERROR] LogOutputStream:74 - [STDERR_REDIRECT] Artifact repository out of sync. Overwriting C:\ST\STM32CubeIDE_1.3.0\STM32CubeIDE\plugins\com.st.stm32cube.ide.mcu.debug_1.5.0.202011040924
2021-01-18 09:02:39,525 [ERROR] LogOutputStream:74 - [STDERR_REDIRECT] Artifact repository out of sync. Overwriting C:\ST\STM32CubeIDE_1.3.0\STM32CubeIDE\plugins\com.st.stm32cube.ide.mcu.debug.dsf.oss_1.5.0.202011040924.jar
2021-01-18 09:02:39,629 [ERROR] LogOutputStream:74 - [STDERR_REDIRECT] Artifact repository out of sync. Overwriting C:\ST\STM32CubeIDE_1.3.0\STM32CubeIDE\plugins\com.st.stm32cube.ide.mcu.debug.jlink_1.5.0.202011040924.jar
2021-01-18 09:02:39,898 [ERROR] LogOutputStream:74 - [STDERR_REDIRECT] Artifact repository out of sync. Overwriting C:\ST\STM32CubeIDE_1.3.0\STM32CubeIDE\plugins\com.st.stm32cube.ide.mcu.debug.launch_1.5.0.202011100858.jar
2021-01-18 09:02:39,993 [ERROR] LogOutputStream:74 - [STDERR_REDIRECT] Artifact repository out of sync. Overwriting C:\ST\STM32CubeIDE_1.3.0\STM32CubeIDE\plugins\com.st.stm32cube.ide.mcu.debug.launch.oss_1.5.0.202011040924.jar
2021-01-18 09:02:40,130 [ERROR] LogOutputStream:74 - [STDERR_REDIRECT] Artifact repository out of sync. Overwriting C:\ST\STM32CubeIDE_1.3.0\STM32CubeIDE\plugins\com.st.stm32cube.ide.mcu.debug.openocd_1.5.0.202011091203
2021-01-18 09:02:40,404 [ERROR] LogOutputStream:74 - [STDERR_REDIRECT] Artifact repository out of sync. Overwriting C:\ST\STM32CubeIDE_1.3.0\STM32CubeIDE\plugins\com.st.stm32cube.ide.mcu.debug.stlink_1.5.0.202011170830.jar
2021-01-18 09:02:40,648 [ERROR] LogOutputStream:74 - [STDERR_REDIRECT] Artifact repository out of sync. Overwriting C:\ST\STM32CubeIDE_1.3.0\STM32CubeIDE\plugins\com.st.stm32cube.ide.mcu.debug.swv_1.5.0.202011040924.jar
2021-01-18 09:02:40,752 [ERROR] LogOutputStream:74 - [STDERR_REDIRECT] Artifact repository out of sync. Overwriting C:\ST\STM32CubeIDE_1.3.0\STM32CubeIDE\plugins\com.st.stm32cube.ide.mcu.externaltools_1.5.0.202011040924.jar
2021-01-18 09:02:41,088 [ERROR] LogOutputStream:74 - [STDERR_REDIRECT] Artifact repository out of sync. Overwriting C:\ST\STM32CubeIDE_1.3.0\STM32CubeIDE\plugins\com.st.stm32cube.ide.mcu.externaltools.cubeprogrammer_1.5.0.202011040924.jar
2021-01-18 09:02:41,213 [ERROR] LogOutputStream:74 - [STDERR_REDIRECT] Artifact repository out of sync. Overwriting C:\ST\STM32CubeIDE_1.3.0\STM32CubeIDE\plugins\com.st.stm32cube.ide.mcu.externaltools.cubeprogrammer.win32_1.5.0.202011040924
2021-01-18 09:02:41,409 [ERROR] LogOutputStream:74 - [STDERR_REDIRECT] Artifact repository out of sync. Overwriting C:\ST\STM32CubeIDE_1.3.0\STM32CubeIDE\plugins\com.st.stm32cube.ide.mcu.externaltools.gnu-arm-embedded_1.5.0.202011040924.jar
2021-01-18 09:02:41,722 [ERROR] LogOutputStream:74 - [STDERR_REDIRECT] Artifact repository out of sync. Overwriting C:\ST\STM32CubeIDE_1.3.0\STM32CubeIDE\plugins\com.st.stm32cube.ide.mcu.externaltools.gnu-tools-for-stm32_1.5.0.202011040924.jar
2021-01-18 09:02:41,765 [ERROR] LogOutputStream:74 - [STDERR_REDIRECT] Artifact repository out of sync. Overwriting C:\ST\STM32CubeIDE_1.3.0\STM32CubeIDE\plugins\com.st.stm32cube.ide.mcu.externaltools.gnu-tools-for-stm32.7-2018-q2-update_1.5.0.202011040924.jar
2021-01-18 09:02:42,125 [ERROR] LogOutputStream:74 - [STDERR_REDIRECT] Artifact repository out of sync. Overwriting C:\ST\STM32CubeIDE_1.3.0\STM32CubeIDE\plugins\com.st.stm32cube.ide.mcu.externaltools.jlink_1.5.0.202011040924.jar
2021-01-18 09:02:42,486 [ERROR] LogOutputStream:74 - [STDERR_REDIRECT] Artifact repository out of sync. Overwriting C:\ST\STM32CubeIDE_1.3.0\STM32CubeIDE\plugins\com.st.stm32cube.ide.mcu.externaltools.jlink.win32_1.5.0.202011040924
2021-01-18 09:02:45,104 [INFO] LogOutputStream:76 - [STDOUT_REDIRECT] withoutVersionV1.25.2
2021-01-18 09:02:45,104 [INFO] LogOutputStream:76 - [STDOUT_REDIRECT] withoutVersionV1.25.1
2021-01-18 09:02:45,105 [INFO] LogOutputStream:76 - [STDOUT_REDIRECT] withoutVersionV1.25.0
2021-01-18 09:02:45,200 [INFO] LogOutputStream:76 - [STDOUT_REDIRECT] File copied successfully!!
2021-01-18 09:02:45,573 [ERROR] LogOutputStream:74 - [STDERR_REDIRECT] Artifact repository out of sync. Overwriting C:\ST\STM32CubeIDE_1.3.0\STM32CubeIDE\plugins\com.st.stm32cube.ide.mcu.externaltools.make_1.5.0.202011040924.jar
2021-01-18 09:02:45,950 [ERROR] LogOutputStream:74 - [STDERR_REDIRECT] Artifact repository out of sync. Overwriting C:\ST\STM32CubeIDE_1.3.0\STM32CubeIDE\plugins\com.st.stm32cube.ide.mcu.externaltools.make.win32_1.5.0.202011040924
2021-01-18 09:02:47,855 [ERROR] LogOutputStream:74 - [STDERR_REDIRECT] Artifact repository out of sync. Overwriting C:\ST\STM32CubeIDE_1.3.0\STM32CubeIDE\plugins\com.st.stm32cube.ide.mcu.externaltools.openocd_1.5.0.202011040924.jar
2021-01-18 09:02:47,932 [ERROR] LogOutputStream:74 - [STDERR_REDIRECT] Artifact repository out of sync. Overwriting C:\ST\STM32CubeIDE_1.3.0\STM32CubeIDE\plugins\com.st.stm32cube.ide.mcu.externaltools.openocd.win32_1.5.0.202011040924
2021-01-18 09:02:48,255 [ERROR] LogOutputStream:74 - [STDERR_REDIRECT] Artifact repository out of sync. Overwriting C:\ST\STM32CubeIDE_1.3.0\STM32CubeIDE\plugins\com.st.stm32cube.ide.mcu.externaltools.oss_1.5.0.202011040924.jar
2021-01-18 09:02:48,642 [ERROR] LogOutputStream:74 - [STDERR_REDIRECT] Artifact repository out of sync. Overwriting C:\ST\STM32CubeIDE_1.3.0\STM32CubeIDE\plugins\com.st.stm32cube.ide.mcu.externaltools.stlink-gdb-server_1.5.0.202011040924.jar
2021-01-18 09:02:48,990 [ERROR] LogOutputStream:74 - [STDERR_REDIRECT] Artifact repository out of sync. Overwriting C:\ST\STM32CubeIDE_1.3.0\STM32CubeIDE\plugins\com.st.stm32cube.ide.mcu.externaltools.stlink-gdb-server.win32_1.5.0.202011040924
2021-01-18 09:02:49,007 [ERROR] LogOutputStream:74 - [STDERR_REDIRECT] Artifact repository out of sync. Overwriting C:\ST\STM32CubeIDE_1.3.0\STM32CubeIDE\plugins\com.st.stm32cube.ide.mcu.externaltools.stlinkserver.win32_1.5.0.202011040924.jar
2021-01-18 09:02:49,395 [ERROR] LogOutputStream:74 - [STDERR_REDIRECT] Artifact repository out of sync. Overwriting C:\ST\STM32CubeIDE_1.3.0\STM32CubeIDE\plugins\com.st.stm32cube.ide.mcu.externaltools.ui_1.5.0.202011040924.jar
2021-01-18 09:02:49,802 [ERROR] LogOutputStream:74 - [STDERR_REDIRECT] Artifact repository out of sync. Overwriting C:\ST\STM32CubeIDE_1.3.0\STM32CubeIDE\plugins\com.st.stm32cube.ide.mcu.faultanalyzer_1.5.0.202011040924.jar
2021-01-18 09:02:49,899 [ERROR] LogOutputStream:74 - [STDERR_REDIRECT] Artifact repository out of sync. Overwriting C:\ST\STM32CubeIDE_1.3.0\STM32CubeIDE\plugins\com.st.stm32cube.ide.mcu.ide_1.5.0.202011040924
2021-01-18 09:02:50,167 [INFO] MainUpdater:2230 - connection check result : 10
2021-01-18 09:02:50,225 [INFO] MicroXplorer:390 - Change Database Path : 
2021-01-18 09:02:50,225 [INFO] MicroXplorer:420 - Change Database Version : DB.5.0.60
2021-01-18 09:02:50,227 [INFO] PinOutPanel:1420 - setPackage(No Configuration,No Configuration)
2021-01-18 09:02:50,227 [INFO] UtilMem:74 - Begin LoadConfig() Used Memory: 497756152 Bytes (845152256)
2021-01-18 09:02:50,228 [INFO] MicroXplorer:390 - Change Database Path : 
2021-01-18 09:02:50,228 [INFO] MicroXplorer:420 - Change Database Version : DB.5.0.60
2021-01-18 09:02:50,229 [INFO] OpenFileManager:274 - Change cursor
2021-01-18 09:02:50,266 [ERROR] LogOutputStream:74 - [STDERR_REDIRECT] Artifact repository out of sync. Overwriting C:\ST\STM32CubeIDE_1.3.0\STM32CubeIDE\plugins\com.st.stm32cube.ide.mcu.ide.oss_1.5.0.202011040924.jar
2021-01-18 09:02:50,661 [ERROR] LogOutputStream:74 - [STDERR_REDIRECT] Artifact repository out of sync. Overwriting C:\ST\STM32CubeIDE_1.3.0\STM32CubeIDE\plugins\com.st.stm32cube.ide.mcu.informationcenter_1.5.0.202011040924
2021-01-18 09:02:51,266 [ERROR] LogOutputStream:74 - [STDERR_REDIRECT] Artifact repository out of sync. Overwriting C:\ST\STM32CubeIDE_1.3.0\STM32CubeIDE\plugins\com.st.stm32cube.ide.mcu.linker_1.5.0.202011051335
2021-01-18 09:02:51,463 [ERROR] LogOutputStream:74 - [STDERR_REDIRECT] Artifact repository out of sync. Overwriting C:\ST\STM32CubeIDE_1.3.0\STM32CubeIDE\plugins\com.st.stm32cube.ide.mcu.linker.ui_1.5.0.202011040924.jar
2021-01-18 09:02:51,828 [ERROR] LogOutputStream:74 - [STDERR_REDIRECT] Artifact repository out of sync. Overwriting C:\ST\STM32CubeIDE_1.3.0\STM32CubeIDE\plugins\com.st.stm32cube.ide.mcu.productdb_1.5.0.202011051456
2021-01-18 09:02:51,918 [ERROR] LogOutputStream:74 - [STDERR_REDIRECT] Artifact repository out of sync. Overwriting C:\ST\STM32CubeIDE_1.3.0\STM32CubeIDE\plugins\com.st.stm32cube.ide.mcu.productdb.debug_1.5.0.202011051456
2021-01-18 09:02:52,525 [ERROR] LogOutputStream:74 - [STDERR_REDIRECT] Artifact repository out of sync. Overwriting C:\ST\STM32CubeIDE_1.3.0\STM32CubeIDE\plugins\com.st.stm32cube.ide.mcu.projectnatures_1.5.0.202011040924
2021-01-18 09:02:53,082 [ERROR] LogOutputStream:74 - [STDERR_REDIRECT] Artifact repository out of sync. Overwriting C:\ST\STM32CubeIDE_1.3.0\STM32CubeIDE\plugins\com.st.stm32cube.ide.mcu.projecttree_1.5.0.202011040924
2021-01-18 09:02:53,587 [ERROR] LogOutputStream:74 - [STDERR_REDIRECT] Artifact repository out of sync. Overwriting C:\ST\STM32CubeIDE_1.3.0\STM32CubeIDE\plugins\com.st.stm32cube.ide.mcu.resources_1.5.0.202011040924
2021-01-18 09:02:54,123 [ERROR] LogOutputStream:74 - [STDERR_REDIRECT] Artifact repository out of sync. Overwriting C:\ST\STM32CubeIDE_1.3.0\STM32CubeIDE\plugins\com.st.stm32cube.ide.mcu.resources.common_1.5.0.202011040924
2021-01-18 09:02:54,218 [INFO] ImportTextPane:162 - (OptionalMessage_ERROR) Unable to find key (Mcu.ThirdPartyNb) in loaded IOC file
2021-01-18 09:02:54,218 [INFO] ImportTextPane:162 - (OptionalMessage_ERROR) Unable to find key (Mcu.PinsNb) in loaded IOC file
2021-01-18 09:02:54,218 [INFO] ImportTextPane:162 - (OptionalMessage_ERROR) Unable to find key (Mcu.IPNb) in loaded IOC file
2021-01-18 09:02:54,588 [ERROR] LogOutputStream:74 - [STDERR_REDIRECT] Artifact repository out of sync. Overwriting C:\ST\STM32CubeIDE_1.3.0\STM32CubeIDE\plugins\com.st.stm32cube.ide.mcu.resources.extended_1.5.0.202011040924
2021-01-18 09:02:55,007 [INFO] UtilMem:74 - End LoadConfig() Used Memory: 435306856 Bytes (845152256)
2021-01-18 09:02:55,072 [INFO] ThirdPartyDb:295 - Open Third Party DataBase File (C:/Users/Nanodyn - Spare/.stm32cubemx/plugins/thirdparty/db/thirdparties_db.xml) : 25 ms. number of Sw pack : 37
2021-01-18 09:02:55,236 [ERROR] LogOutputStream:74 - [STDERR_REDIRECT] Artifact repository out of sync. Overwriting C:\ST\STM32CubeIDE_1.3.0\STM32CubeIDE\plugins\com.st.stm32cube.ide.mcu.sfrview_1.5.0.202011040924.jar
2021-01-18 09:02:55,627 [INFO] ThirdParty:899 - CMSIS Pack Vendor :STMicroelectronics X-CUBE-SUBG2 3.0.1
2021-01-18 09:02:55,627 [INFO] ThirdParty:899 - CMSIS Pack Vendor :STMicroelectronics X-CUBE-SUBG2 3.0.0
2021-01-18 09:02:55,628 [INFO] ThirdParty:899 - CMSIS Pack Vendor :STMicroelectronics X-CUBE-SFXS2LP1 2.0.0
2021-01-18 09:02:55,628 [INFO] ThirdParty:899 - CMSIS Pack Vendor :STMicroelectronics X-CUBE-BLE2 1.0.0
2021-01-18 09:02:55,628 [INFO] ThirdParty:899 - CMSIS Pack Vendor :STMicroelectronics X-CUBE-BLE1 5.0.0
2021-01-18 09:02:55,628 [INFO] ThirdParty:899 - CMSIS Pack Vendor :STMicroelectronics X-CUBE-SUBG2 1.1.0
2021-01-18 09:02:55,628 [INFO] ThirdParty:899 - CMSIS Pack Vendor :STMicroelectronics X-CUBE-GNSS1 4.1.0
2021-01-18 09:02:55,628 [INFO] ThirdParty:899 - CMSIS Pack Vendor :STMicroelectronics X-CUBE-MEMS1 8.1.1
2021-01-18 09:02:55,628 [INFO] ThirdParty:899 - CMSIS Pack Vendor :STMicroelectronics X-CUBE-MEMS1 8.2.0
2021-01-18 09:02:55,628 [INFO] ThirdParty:899 - CMSIS Pack Vendor :STMicroelectronics X-CUBE-EEPRMA1 3.0.0
2021-01-18 09:02:55,629 [INFO] ThirdParty:899 - CMSIS Pack Vendor :STMicroelectronics X-CUBE-MEMS1 8.0.0
2021-01-18 09:02:55,629 [INFO] ThirdParty:899 - CMSIS Pack Vendor :STMicroelectronics X-CUBE-MEMS1 8.1.0
2021-01-18 09:02:55,629 [INFO] ThirdParty:899 - CMSIS Pack Vendor :STMicroelectronics FreeRTOS 0.0.1
2021-01-18 09:02:55,629 [INFO] ThirdParty:899 - CMSIS Pack Vendor :STMicroelectronics X-CUBE-ALGOBUILD 1.0.0
2021-01-18 09:02:55,629 [INFO] ThirdParty:899 - CMSIS Pack Vendor :STMicroelectronics X-CUBE-BLE2 2.0.0
2021-01-18 09:02:55,629 [INFO] ThirdParty:899 - CMSIS Pack Vendor :STMicroelectronics X-CUBE-ALGOBUILD 1.1.0
2021-01-18 09:02:55,629 [INFO] ThirdParty:899 - CMSIS Pack Vendor :STMicroelectronics X-CUBE-GNSS1 5.0.0
2021-01-18 09:02:55,629 [INFO] ThirdParty:899 - CMSIS Pack Vendor :STMicroelectronics X-CUBE-GNSS1 5.1.0
2021-01-18 09:02:55,629 [INFO] ThirdParty:899 - CMSIS Pack Vendor :STMicroelectronics X-CUBE-SUBG2 2.0.0
2021-01-18 09:02:55,629 [INFO] ThirdParty:899 - CMSIS Pack Vendor :STMicroelectronics X-CUBE-BLE1 6.0.0
2021-01-18 09:02:55,629 [INFO] ThirdParty:899 - CMSIS Pack Vendor :STMicroelectronics X-CUBE-BLE1 6.1.0
2021-01-18 09:02:55,629 [INFO] ThirdParty:899 - CMSIS Pack Vendor :STMicroelectronics X-CUBE-TOUCHGFX 4.13.0
2021-01-18 09:02:55,630 [INFO] ThirdParty:899 - CMSIS Pack Vendor :STMicroelectronics X-CUBE-NFC4 1.5.2
2021-01-18 09:02:55,630 [INFO] ThirdParty:899 - CMSIS Pack Vendor :STMicroelectronics X-CUBE-TOUCHGFX 4.15.0
2021-01-18 09:02:55,630 [INFO] ThirdParty:899 - CMSIS Pack Vendor :STMicroelectronics X-CUBE-TOUCHGFX 4.14.0
2021-01-18 09:02:55,630 [INFO] ThirdParty:899 - CMSIS Pack Vendor :STMicroelectronics X-CUBE-AI 5.1.1
2021-01-18 09:02:55,630 [INFO] ThirdParty:899 - CMSIS Pack Vendor :STMicroelectronics X-CUBE-AI 5.2.0
2021-01-18 09:02:55,630 [INFO] ThirdParty:899 - CMSIS Pack Vendor :STMicroelectronics X-CUBE-NFC4 2.0.1
2021-01-18 09:02:55,630 [INFO] ThirdParty:899 - CMSIS Pack Vendor :STMicroelectronics X-CUBE-MEMS1 7.2.0
2021-01-18 09:02:55,630 [INFO] ThirdParty:899 - CMSIS Pack Vendor :STMicroelectronics X-CUBE-AI 5.1.2
2021-01-18 09:02:55,630 [INFO] ThirdParty:899 - CMSIS Pack Vendor :STMicroelectronics X-CUBE-NFC4 2.0.0
2021-01-18 09:02:55,630 [INFO] ThirdParty:899 - CMSIS Pack Vendor :STMicroelectronics X-CUBE-BLE2 3.0.0
2021-01-18 09:02:55,631 [INFO] ThirdParty:899 - CMSIS Pack Vendor :STMicroelectronics X-CUBE-TOUCHGFX 4.16.0
2021-01-18 09:02:55,631 [INFO] ThirdParty:899 - CMSIS Pack Vendor :STMicroelectronics X-CUBE-AI 5.0.0
2021-01-18 09:02:55,631 [INFO] ThirdParty:899 - CMSIS Pack Vendor :STMicroelectronics X-CUBE-BLE2 3.1.0
2021-01-18 09:02:55,631 [INFO] ThirdParty:899 - CMSIS Pack Vendor :STMicroelectronics X-CUBE-AI 5.1.0
2021-01-18 09:02:56,212 [INFO] PinOutPanel:1420 - setPackage(No Configuration,No Configuration)
2021-01-18 09:02:56,214 [INFO] PinOutPanel:1420 - setPackage(STM32F439ZITx,LQFP144)
2021-01-18 09:02:56,943 [INFO] UtilMem:74 - Before build in PCC Used Memory: 523526096 Bytes (845152256)
2021-01-18 09:02:56,991 [ERROR] LogOutputStream:74 - [STDERR_REDIRECT] Artifact repository out of sync. Overwriting C:\ST\STM32CubeIDE_1.3.0\STM32CubeIDE\plugins\com.st.stm32cube.ide.mcu.stackanalyzer_1.5.0.202011040924.jar
2021-01-18 09:02:57,689 [INFO] SharedServices:71 - Folder for power plug-in: C:/Users/Nanodyn - Spare/.stm32cubemx/plugins/power
2021-01-18 09:02:57,743 [INFO] SharedServices:71 - Folder for power plug-in: C:/Users/Nanodyn - Spare/.stm32cubemx/plugins/power
2021-01-18 09:02:57,860 [INFO] SharedServices:71 - Folder for power plug-in: C:/Users/Nanodyn - Spare/.stm32cubemx/plugins/power
2021-01-18 09:02:57,867 [INFO] SharedServices:71 - Folder for power plug-in: C:/Users/Nanodyn - Spare/.stm32cubemx/plugins/power
2021-01-18 09:02:58,174 [ERROR] LogOutputStream:74 - [STDERR_REDIRECT] Artifact repository out of sync. Overwriting C:\ST\STM32CubeIDE_1.3.0\STM32CubeIDE\plugins\com.st.stm32cube.ide.mcu.startup_1.5.0.202011040924
2021-01-18 09:02:58,207 [INFO] UtilMem:74 - After build in PCC Used Memory: 699525488 Bytes (845152256)
2021-01-18 09:02:58,234 [INFO] IPUIPlugin:65 - create IPUIPlugin
2021-01-18 09:02:58,234 [INFO] IPUIPlugin:65 - create IPUIPlugin
2021-01-18 09:02:58,234 [INFO] IPUIPlugin:65 - create IPUIPlugin
2021-01-18 09:02:58,235 [INFO] IPUIPlugin:65 - create IPUIPlugin
2021-01-18 09:02:58,235 [INFO] IPUIPlugin:65 - create IPUIPlugin
2021-01-18 09:02:58,235 [INFO] IPUIPlugin:65 - create IPUIPlugin
2021-01-18 09:02:58,235 [INFO] IPUIPlugin:65 - create IPUIPlugin
2021-01-18 09:02:58,235 [INFO] IPUIPlugin:65 - create IPUIPlugin
2021-01-18 09:02:58,236 [INFO] IPUIPlugin:65 - create IPUIPlugin
2021-01-18 09:02:58,236 [INFO] IPUIPlugin:65 - create IPUIPlugin
2021-01-18 09:02:58,236 [INFO] IPUIPlugin:65 - create IPUIPlugin
2021-01-18 09:02:58,236 [INFO] IPUIPlugin:65 - create IPUIPlugin
2021-01-18 09:02:58,236 [INFO] IPUIPlugin:65 - create IPUIPlugin
2021-01-18 09:02:58,237 [INFO] IPUIPlugin:65 - create IPUIPlugin
2021-01-18 09:02:58,237 [INFO] IPUIPlugin:65 - create IPUIPlugin
2021-01-18 09:02:58,237 [INFO] IPUIPlugin:65 - create IPUIPlugin
2021-01-18 09:02:58,237 [INFO] IPUIPlugin:65 - create IPUIPlugin
2021-01-18 09:02:58,237 [INFO] IPUIPlugin:65 - create IPUIPlugin
2021-01-18 09:02:58,238 [INFO] IPUIPlugin:65 - create IPUIPlugin
2021-01-18 09:02:58,238 [INFO] IPUIPlugin:65 - create IPUIPlugin
2021-01-18 09:02:58,238 [INFO] IPUIPlugin:65 - create IPUIPlugin
2021-01-18 09:02:58,238 [INFO] IPUIPlugin:65 - create IPUIPlugin
2021-01-18 09:02:58,238 [INFO] IPUIPlugin:65 - create IPUIPlugin
2021-01-18 09:02:58,239 [INFO] IPUIPlugin:65 - create IPUIPlugin
2021-01-18 09:02:58,239 [INFO] IPUIPlugin:65 - create IPUIPlugin
2021-01-18 09:02:58,239 [INFO] IPUIPlugin:65 - create IPUIPlugin
2021-01-18 09:02:58,239 [INFO] IPUIPlugin:65 - create IPUIPlugin
2021-01-18 09:02:58,240 [INFO] IPUIPlugin:65 - create IPUIPlugin
2021-01-18 09:02:58,240 [INFO] IPUIPlugin:65 - create IPUIPlugin
2021-01-18 09:02:58,240 [INFO] IPUIPlugin:65 - create IPUIPlugin
2021-01-18 09:02:58,241 [INFO] IPUIPlugin:65 - create IPUIPlugin
2021-01-18 09:02:58,241 [INFO] IPUIPlugin:65 - create IPUIPlugin
2021-01-18 09:02:58,241 [INFO] IPUIPlugin:65 - create IPUIPlugin
2021-01-18 09:02:58,241 [INFO] IPUIPlugin:65 - create IPUIPlugin
2021-01-18 09:02:58,242 [INFO] IPUIPlugin:65 - create IPUIPlugin
2021-01-18 09:02:58,242 [INFO] IPUIPlugin:65 - create IPUIPlugin
2021-01-18 09:02:58,242 [INFO] IPUIPlugin:65 - create IPUIPlugin
2021-01-18 09:02:58,242 [INFO] IPUIPlugin:65 - create IPUIPlugin
2021-01-18 09:02:58,242 [INFO] IPUIPlugin:65 - create IPUIPlugin
2021-01-18 09:02:58,243 [INFO] IPUIPlugin:65 - create IPUIPlugin
2021-01-18 09:02:58,243 [INFO] IPUIPlugin:65 - create IPUIPlugin
2021-01-18 09:02:58,243 [INFO] IPUIPlugin:65 - create IPUIPlugin
2021-01-18 09:02:58,244 [INFO] IPUIPlugin:65 - create IPUIPlugin
2021-01-18 09:02:58,244 [INFO] IPUIPlugin:65 - create IPUIPlugin
2021-01-18 09:02:58,244 [INFO] IPUIPlugin:65 - create IPUIPlugin
2021-01-18 09:02:58,244 [INFO] IPUIPlugin:65 - create IPUIPlugin
2021-01-18 09:02:58,244 [INFO] IPUIPlugin:65 - create IPUIPlugin
2021-01-18 09:02:58,244 [INFO] IPUIPlugin:65 - create IPUIPlugin
2021-01-18 09:02:58,245 [INFO] IPUIPlugin:65 - create IPUIPlugin
2021-01-18 09:02:58,245 [INFO] IPUIPlugin:65 - create IPUIPlugin
2021-01-18 09:02:58,245 [INFO] IPUIPlugin:65 - create IPUIPlugin
2021-01-18 09:02:58,245 [INFO] IPUIPlugin:65 - create IPUIPlugin
2021-01-18 09:02:58,246 [INFO] IPUIPlugin:65 - create IPUIPlugin
2021-01-18 09:02:58,246 [INFO] IPUIPlugin:65 - create IPUIPlugin
2021-01-18 09:02:58,246 [INFO] IPUIPlugin:65 - create IPUIPlugin
2021-01-18 09:02:58,246 [INFO] IPUIPlugin:65 - create IPUIPlugin
2021-01-18 09:02:58,246 [INFO] IPUIPlugin:65 - create IPUIPlugin
2021-01-18 09:02:58,247 [INFO] IPUIPlugin:65 - create IPUIPlugin
2021-01-18 09:02:58,247 [INFO] IPUIPlugin:65 - create IPUIPlugin
2021-01-18 09:02:58,247 [INFO] IPUIPlugin:65 - create IPUIPlugin
2021-01-18 09:02:58,247 [INFO] IPUIPlugin:65 - create IPUIPlugin
2021-01-18 09:02:58,248 [INFO] IPUIPlugin:65 - create IPUIPlugin
2021-01-18 09:02:58,249 [INFO] IPUIPlugin:65 - create IPUIPlugin
2021-01-18 09:02:58,250 [INFO] IPUIPlugin:65 - create IPUIPlugin
2021-01-18 09:02:58,251 [INFO] IPUIPlugin:65 - create IPUIPlugin
2021-01-18 09:02:58,251 [INFO] IPUIPlugin:65 - create IPUIPlugin
2021-01-18 09:02:58,252 [INFO] IPUIPlugin:65 - create IPUIPlugin
2021-01-18 09:02:58,252 [INFO] IPUIPlugin:65 - create IPUIPlugin
2021-01-18 09:02:58,318 [INFO] LogOutputStream:76 - [STDOUT_REDIRECT] toolchainItems.length=====1
2021-01-18 09:02:58,432 [INFO] OpenFileManager:294 - Restore cursor
2021-01-18 09:02:58,740 [INFO] UtilMem:74 - End SaveConfig() Used Memory: 561524192 Bytes (845152256)
2021-01-18 09:02:58,839 [INFO] UtilMem:74 - End SaveConfig() Used Memory: 594135400 Bytes (845152256)
2021-01-18 09:02:58,895 [ERROR] LogOutputStream:74 - [STDERR_REDIRECT] Artifact repository out of sync. Overwriting C:\ST\STM32CubeIDE_1.3.0\STM32CubeIDE\plugins\com.st.stm32cube.ide.mcu.targetadapter_1.5.0.202011040924
2021-01-18 09:02:59,426 [INFO] BlockDiagram:2671 - set Specific Code input for plugin: SYS
2021-01-18 09:02:59,426 [INFO] BlockDiagram:2671 - set Specific Code input for plugin: NVIC
2021-01-18 09:02:59,427 [INFO] CodeGenerator:603 - code generatio: config db path: C:\ST\STM32CubeIDE_1.3.0\STM32CubeIDE\plugins\com.st.stm32cube.common.mx_5.6.1.202004052303\\db\
2021-01-18 09:02:59,578 [ERROR] LogOutputStream:74 - [STDERR_REDIRECT] Artifact repository out of sync. Overwriting C:\ST\STM32CubeIDE_1.3.0\STM32CubeIDE\plugins\com.st.stm32cube.ide.mcu.toolchain_1.5.0.202011041201.jar
2021-01-18 09:02:59,963 [INFO] CodeEngine:188 - oldGeneratedFile, C:\Users\Nanodyn - Spare\OneDrive - Nanodyn\Desktop\Github\Waveform-generator\Waveform Generator\MXTmpFiles\license.tmp_save
2021-01-18 09:03:00,212 [ERROR] LogOutputStream:74 - [STDERR_REDIRECT] Artifact repository out of sync. Overwriting C:\ST\STM32CubeIDE_1.3.0\STM32CubeIDE\plugins\com.st.stm32cube.ide.mcu.toolchain.arm-none_1.5.0.202011040924.jar
2021-01-18 09:03:00,568 [INFO] CodeEngine:206 - Generated code: C:\Users\Nanodyn - Spare\OneDrive - Nanodyn\Desktop\Github\Waveform-generator\Waveform Generator\MXTmpFiles\license.tmp
2021-01-18 09:03:00,819 [INFO] LogOutputStream:76 - [STDOUT_REDIRECT] Debug : prepare data for NVIC
2021-01-18 09:03:00,821 [INFO] LogOutputStream:76 - [STDOUT_REDIRECT] Command line test
2021-01-18 09:03:00,833 [INFO] CodeEngine:188 - oldGeneratedFile, C:\Users\Nanodyn - Spare\OneDrive - Nanodyn\Desktop\Github\Waveform-generator\Waveform Generator\Core\Src\stm32f4xx_it.c_save
2021-01-18 09:03:01,110 [INFO] CodeEngine:206 - Generated code: C:\Users\Nanodyn - Spare\OneDrive - Nanodyn\Desktop\Github\Waveform-generator\Waveform Generator\Core\Src\stm32f4xx_it.c
2021-01-18 09:03:01,123 [INFO] CodeEngine:188 - oldGeneratedFile, C:\Users\Nanodyn - Spare\OneDrive - Nanodyn\Desktop\Github\Waveform-generator\Waveform Generator\Core\Inc\stm32f4xx_it.h_save
2021-01-18 09:03:01,340 [INFO] CodeEngine:206 - Generated code: C:\Users\Nanodyn - Spare\OneDrive - Nanodyn\Desktop\Github\Waveform-generator\Waveform Generator\Core\Inc\stm32f4xx_it.h
2021-01-18 09:03:01,358 [INFO] CodeEngine:188 - oldGeneratedFile, C:\Users\Nanodyn - Spare\OneDrive - Nanodyn\Desktop\Github\Waveform-generator\Waveform Generator\Core\Src\stm32f4xx_hal_msp.c_save
2021-01-18 09:03:01,585 [INFO] CodeEngine:206 - Generated code: C:\Users\Nanodyn - Spare\OneDrive - Nanodyn\Desktop\Github\Waveform-generator\Waveform Generator\Core\Src\stm32f4xx_hal_msp.c
2021-01-18 09:03:01,608 [INFO] CodeEngine:188 - oldGeneratedFile, C:\Users\Nanodyn - Spare\OneDrive - Nanodyn\Desktop\Github\Waveform-generator\Waveform Generator\MXTmpFiles\system.tmp_save
2021-01-18 09:03:01,767 [ERROR] LogOutputStream:74 - [STDERR_REDIRECT] Artifact repository out of sync. Overwriting C:\ST\STM32CubeIDE_1.3.0\STM32CubeIDE\plugins\com.st.stm32cube.ide.mcu.toolchain.arm-none.oss_1.5.0.202011040924.jar
2021-01-18 09:03:01,767 [INFO] CodeEngine:206 - Generated code: C:\Users\Nanodyn - Spare\OneDrive - Nanodyn\Desktop\Github\Waveform-generator\Waveform Generator\MXTmpFiles\system.tmp
2021-01-18 09:03:01,787 [INFO] CodeEngine:188 - oldGeneratedFile, C:\Users\Nanodyn - Spare\OneDrive - Nanodyn\Desktop\Github\Waveform-generator\Waveform Generator\Core\Inc\stm32f4xx_hal_conf.h_save
2021-01-18 09:03:01,944 [ERROR] LogOutputStream:74 - [STDERR_REDIRECT] Artifact repository out of sync. Overwriting C:\ST\STM32CubeIDE_1.3.0\STM32CubeIDE\plugins\com.st.stm32cube.ide.mcu.toolchain.ui_1.5.0.202011040924.jar
2021-01-18 09:03:01,970 [INFO] CodeEngine:206 - Generated code: C:\Users\Nanodyn - Spare\OneDrive - Nanodyn\Desktop\Github\Waveform-generator\Waveform Generator\Core\Inc\stm32f4xx_hal_conf.h
2021-01-18 09:03:02,014 [INFO] CodeEngine:188 - oldGeneratedFile, C:\Users\Nanodyn - Spare\OneDrive - Nanodyn\Desktop\Github\Waveform-generator\Waveform Generator\Core\Inc\main.h_save
2021-01-18 09:03:02,171 [INFO] CodeEngine:206 - Generated code: C:\Users\Nanodyn - Spare\OneDrive - Nanodyn\Desktop\Github\Waveform-generator\Waveform Generator\Core\Inc\main.h
2021-01-18 09:03:02,186 [INFO] CodeEngine:188 - oldGeneratedFile, C:\Users\Nanodyn - Spare\OneDrive - Nanodyn\Desktop\Github\Waveform-generator\Waveform Generator\Core\Src\main.c_save
2021-01-18 09:03:02,535 [INFO] CodeEngine:206 - Generated code: C:\Users\Nanodyn - Spare\OneDrive - Nanodyn\Desktop\Github\Waveform-generator\Waveform Generator\Core\Src\main.c
2021-01-18 09:03:02,575 [ERROR] LogOutputStream:74 - [STDERR_REDIRECT] Artifact repository out of sync. Overwriting C:\ST\STM32CubeIDE_1.3.0\STM32CubeIDE\plugins\com.st.stm32cube.ide.mcu.toolchain.utils_1.5.0.202011040924.jar
2021-01-18 09:03:03,597 [ERROR] LogOutputStream:74 - [STDERR_REDIRECT] Artifact repository out of sync. Overwriting C:\ST\STM32CubeIDE_1.3.0\STM32CubeIDE\plugins\com.st.stm32cube.ide.mpu.debug_1.5.0.202011040924
2021-01-18 09:03:03,721 [ERROR] LogOutputStream:74 - [STDERR_REDIRECT] Artifact repository out of sync. Overwriting C:\ST\STM32CubeIDE_1.3.0\STM32CubeIDE\plugins\com.st.stm32cube.ide.mpu.debug.openocd_1.5.0.202011161118
2021-01-18 09:03:03,977 [INFO] ProjectBuilder:2002 - Time for Copy HAL[1] : 199mS.
2021-01-18 09:03:03,986 [INFO] ProjectBuilder:2727 - Project Generator version: 3.7.1
2021-01-18 09:03:04,596 [ERROR] LogOutputStream:74 - [STDERR_REDIRECT] Artifact repository out of sync. Overwriting C:\ST\STM32CubeIDE_1.3.0\STM32CubeIDE\plugins\com.st.stm32cube.ide.mpu.ide_1.5.0.202011040924
2021-01-18 09:03:04,654 [ERROR] LogOutputStream:74 - [STDERR_REDIRECT] Artifact repository out of sync. Overwriting C:\ST\STM32CubeIDE_1.3.0\STM32CubeIDE\plugins\com.st.stm32cube.ide.mpu.linker_1.5.0.202011040924
2021-01-18 09:03:04,824 [INFO] ConfigFileManager:1066 - The Die is : DIE419
2021-01-18 09:03:05,287 [ERROR] LogOutputStream:74 - [STDERR_REDIRECT] Artifact repository out of sync. Overwriting C:\ST\STM32CubeIDE_1.3.0\STM32CubeIDE\plugins\com.st.stm32cube.ide.mpu.productdb_1.5.0.202011040924
2021-01-18 09:03:05,713 [ERROR] LogOutputStream:74 - [STDERR_REDIRECT] Artifact repository out of sync. Overwriting C:\ST\STM32CubeIDE_1.3.0\STM32CubeIDE\plugins\com.st.stm32cube.ide.mpu.productdb.debug_1.5.0.202011040924
2021-01-18 09:03:06,122 [ERROR] LogOutputStream:74 - [STDERR_REDIRECT] Artifact repository out of sync. Overwriting C:\ST\STM32CubeIDE_1.3.0\STM32CubeIDE\plugins\com.st.stm32cube.ide.mpu.projectnatures_1.5.0.202011040924.jar
2021-01-18 09:03:06,632 [ERROR] LogOutputStream:74 - [STDERR_REDIRECT] Artifact repository out of sync. Overwriting C:\ST\STM32CubeIDE_1.3.0\STM32CubeIDE\plugins\com.st.stm32cube.ide.mpu.projecttree_1.5.0.202011040924
2021-01-18 09:03:07,107 [ERROR] LogOutputStream:74 - [STDERR_REDIRECT] Artifact repository out of sync. Overwriting C:\ST\STM32CubeIDE_1.3.0\STM32CubeIDE\plugins\com.st.stm32cube.ide.mpu.remote.serial_1.5.0.202011040924.jar
2021-01-18 09:03:07,642 [ERROR] LogOutputStream:74 - [STDERR_REDIRECT] Artifact repository out of sync. Overwriting C:\ST\STM32CubeIDE_1.3.0\STM32CubeIDE\plugins\com.st.stm32cube.ide.mpu.remote.serial.oss_1.5.0.202011040924.jar
2021-01-18 09:03:08,189 [ERROR] LogOutputStream:74 - [STDERR_REDIRECT] Artifact repository out of sync. Overwriting C:\ST\STM32CubeIDE_1.3.0\STM32CubeIDE\plugins\com.st.stm32cube.ide.mpu.remote.ssh_1.5.0.202011040924.jar
2021-01-18 09:03:08,594 [ERROR] LogOutputStream:74 - [STDERR_REDIRECT] Artifact repository out of sync. Overwriting C:\ST\STM32CubeIDE_1.3.0\STM32CubeIDE\plugins\com.st.stm32cube.ide.mpu.resources.common_1.5.0.202011040924
2021-01-18 09:03:09,174 [ERROR] LogOutputStream:74 - [STDERR_REDIRECT] Artifact repository out of sync. Overwriting C:\ST\STM32CubeIDE_1.3.0\STM32CubeIDE\plugins\com.st.stm32cube.ide.mpu.resources.extended_1.5.0.202011040924
2021-01-18 09:03:09,723 [ERROR] LogOutputStream:74 - [STDERR_REDIRECT] Artifact repository out of sync. Overwriting C:\ST\STM32CubeIDE_1.3.0\STM32CubeIDE\plugins\com.st.stm32cube.ide.mpu.startup_1.5.0.202011040924
2021-01-18 09:03:10,315 [ERROR] LogOutputStream:74 - [STDERR_REDIRECT] Artifact repository out of sync. Overwriting C:\ST\STM32CubeIDE_1.3.0\STM32CubeIDE\features\com.st.stm32cube.common.feature.ecosystemintegration_1.5.0.202011040924
2021-01-18 09:03:10,882 [ERROR] LogOutputStream:74 - [STDERR_REDIRECT] Artifact repository out of sync. Overwriting C:\ST\STM32CubeIDE_1.3.0\STM32CubeIDE\features\com.st.stm32cube.common.feature.ecosystemintegration.stinsider_1.5.0.202011040924
2021-01-18 09:03:11,465 [ERROR] LogOutputStream:74 - [STDERR_REDIRECT] Artifact repository out of sync. Overwriting C:\ST\STM32CubeIDE_1.3.0\STM32CubeIDE\features\com.st.stm32cube.common.feature.ecosystemintegration.ui_1.5.0.202011040924
2021-01-18 09:03:12,313 [ERROR] LogOutputStream:74 - [STDERR_REDIRECT] Artifact repository out of sync. Overwriting C:\ST\STM32CubeIDE_1.3.0\STM32CubeIDE\features\com.st.stm32cube.common.feature.logger_1.5.0.202011040924
2021-01-18 09:03:13,193 [ERROR] LogOutputStream:74 - [STDERR_REDIRECT] Artifact repository out of sync. Overwriting C:\ST\STM32CubeIDE_1.3.0\STM32CubeIDE\features\com.st.stm32cube.common.feature.logger.ui_1.5.0.202011040924
2021-01-18 09:03:13,643 [ERROR] LogOutputStream:74 - [STDERR_REDIRECT] Artifact repository out of sync. Overwriting C:\ST\STM32CubeIDE_1.3.0\STM32CubeIDE\features\com.st.stm32cube.common.feature.preferences_1.5.0.202011040924
2021-01-18 09:03:14,344 [ERROR] LogOutputStream:74 - [STDERR_REDIRECT] Artifact repository out of sync. Overwriting C:\ST\STM32CubeIDE_1.3.0\STM32CubeIDE\features\com.st.stm32cube.common.feature.projectcreation_1.5.0.202011040924
2021-01-18 09:03:14,639 [ERROR] LogOutputStream:74 - [STDERR_REDIRECT] Artifact repository out of sync. Overwriting C:\ST\STM32CubeIDE_1.3.0\STM32CubeIDE\features\com.st.stm32cube.common.feature.projectcreation.ui_1.5.0.202011040924
2021-01-18 09:03:14,981 [ERROR] LogOutputStream:74 - [STDERR_REDIRECT] Artifact repository out of sync. Overwriting C:\ST\STM32CubeIDE_1.3.0\STM32CubeIDE\features\com.st.stm32cube.common.feature.utils_1.5.0.202011040924
2021-01-18 09:03:15,320 [ERROR] LogOutputStream:74 - [STDERR_REDIRECT] Artifact repository out of sync. Overwriting C:\ST\STM32CubeIDE_1.3.0\STM32CubeIDE\features\com.st.stm32cube.ide.feature.common.services.adapted_1.5.0.202011040924
2021-01-18 09:03:15,593 [ERROR] LogOutputStream:74 - [STDERR_REDIRECT] Artifact repository out of sync. Overwriting C:\ST\STM32CubeIDE_1.3.0\STM32CubeIDE\features\com.st.stm32cube.ide.feature.common.services_1.5.0.202011040924
2021-01-18 09:03:15,897 [ERROR] LogOutputStream:74 - [STDERR_REDIRECT] Artifact repository out of sync. Overwriting C:\ST\STM32CubeIDE_1.3.0\STM32CubeIDE\features\com.st.stm32cube.ide.feature.common.services.mx_1.5.0.202011040924
2021-01-18 09:03:16,000 [ERROR] LogOutputStream:74 - [STDERR_REDIRECT] Artifact repository out of sync. Overwriting C:\ST\STM32CubeIDE_1.3.0\STM32CubeIDE\features\com.st.stm32cube.ide.feature.common.ui_1.5.0.202011040924
2021-01-18 09:03:16,491 [ERROR] LogOutputStream:74 - [STDERR_REDIRECT] Artifact repository out of sync. Overwriting C:\ST\STM32CubeIDE_1.3.0\STM32CubeIDE\features\com.st.stm32cube.ide.feature.common.utils_1.5.0.202011040924
2021-01-18 09:03:16,826 [ERROR] LogOutputStream:74 - [STDERR_REDIRECT] Artifact repository out of sync. Overwriting C:\ST\STM32CubeIDE_1.3.0\STM32CubeIDE\features\com.st.stm32cube.ide.feature.documentation_1.5.0.202011131254
2021-01-18 09:03:17,179 [ERROR] LogOutputStream:74 - [STDERR_REDIRECT] Artifact repository out of sync. Overwriting C:\ST\STM32CubeIDE_1.3.0\STM32CubeIDE\features\com.st.stm32cube.ide.feature.mcu.build_1.5.0.202011040924
2021-01-18 09:03:17,415 [ERROR] LogOutputStream:74 - [STDERR_REDIRECT] Artifact repository out of sync. Overwriting C:\ST\STM32CubeIDE_1.3.0\STM32CubeIDE\features\com.st.stm32cube.ide.feature.mcu.build.ui_1.5.0.202011040924
2021-01-18 09:03:17,572 [ERROR] LogOutputStream:74 - [STDERR_REDIRECT] Artifact repository out of sync. Overwriting C:\ST\STM32CubeIDE_1.3.0\STM32CubeIDE\features\com.st.stm32cube.ide.feature.mcu.buildanalyzer_1.5.0.202011040924
2021-01-18 09:03:17,663 [ERROR] LogOutputStream:74 - [STDERR_REDIRECT] Artifact repository out of sync. Overwriting C:\ST\STM32CubeIDE_1.3.0\STM32CubeIDE\features\com.st.stm32cube.ide.feature.mcu.converters_1.5.0.202011040924
2021-01-18 09:03:17,936 [ERROR] LogOutputStream:74 - [STDERR_REDIRECT] Artifact repository out of sync. Overwriting C:\ST\STM32CubeIDE_1.3.0\STM32CubeIDE\features\com.st.stm32cube.ide.feature.mcu.debug_1.5.0.202011100858
2021-01-18 09:03:18,056 [ERROR] LogOutputStream:74 - [STDERR_REDIRECT] Artifact repository out of sync. Overwriting C:\ST\STM32CubeIDE_1.3.0\STM32CubeIDE\features\com.st.stm32cube.ide.feature.mcu.debug.jlink_1.5.0.202011040924
2021-01-18 09:03:18,062 [ERROR] LogOutputStream:74 - [STDERR_REDIRECT] Artifact repository out of sync. Overwriting C:\ST\STM32CubeIDE_1.3.0\STM32CubeIDE\features\com.st.stm32cube.ide.feature.mcu.debug.openocd_1.5.0.202011091203
2021-01-18 09:03:18,340 [ERROR] LogOutputStream:74 - [STDERR_REDIRECT] Artifact repository out of sync. Overwriting C:\ST\STM32CubeIDE_1.3.0\STM32CubeIDE\features\com.st.stm32cube.ide.feature.mcu.debug.sfrview_1.5.0.202011040924
2021-01-18 09:03:18,448 [ERROR] LogOutputStream:74 - [STDERR_REDIRECT] Artifact repository out of sync. Overwriting C:\ST\STM32CubeIDE_1.3.0\STM32CubeIDE\features\com.st.stm32cube.ide.feature.mcu.debug.stlink_1.5.0.202011170830
2021-01-18 09:03:18,572 [ERROR] LogOutputStream:74 - [STDERR_REDIRECT] Artifact repository out of sync. Overwriting C:\ST\STM32CubeIDE_1.3.0\STM32CubeIDE\features\com.st.stm32cube.ide.feature.mcu.debug.swv_1.5.0.202011040924
2021-01-18 09:03:18,840 [ERROR] LogOutputStream:74 - [STDERR_REDIRECT] Artifact repository out of sync. Overwriting C:\ST\STM32CubeIDE_1.3.0\STM32CubeIDE\features\com.st.stm32cube.ide.feature.mcu.externaltools.cubeprogrammer_1.5.0.202011040924
2021-01-18 09:03:18,944 [ERROR] LogOutputStream:74 - [STDERR_REDIRECT] Artifact repository out of sync. Overwriting C:\ST\STM32CubeIDE_1.3.0\STM32CubeIDE\features\com.st.stm32cube.ide.feature.mcu.externaltools_1.5.0.202011040924
2021-01-18 09:03:19,009 [ERROR] LogOutputStream:74 - [STDERR_REDIRECT] Artifact repository out of sync. Overwriting C:\ST\STM32CubeIDE_1.3.0\STM32CubeIDE\features\com.st.stm32cube.ide.feature.mcu.externaltools.gnu_arm_embedded_1.5.0.202011040924
2021-01-18 09:03:19,240 [ERROR] LogOutputStream:74 - [STDERR_REDIRECT] Artifact repository out of sync. Overwriting C:\ST\STM32CubeIDE_1.3.0\STM32CubeIDE\features\com.st.stm32cube.ide.feature.mcu.externaltools.gnu_tools_for_stm32.7_2018_q2_update.bin_1.5.0.202011040924
2021-01-18 09:03:19,392 [ERROR] LogOutputStream:74 - [STDERR_REDIRECT] Artifact repository out of sync. Overwriting C:\ST\STM32CubeIDE_1.3.0\STM32CubeIDE\features\com.st.stm32cube.ide.feature.mcu.externaltools.gnu_tools_for_stm32.7_2018_q2_update_1.5.0.202011040924
2021-01-18 09:03:19,464 [ERROR] LogOutputStream:74 - [STDERR_REDIRECT] Artifact repository out of sync. Overwriting C:\ST\STM32CubeIDE_1.3.0\STM32CubeIDE\features\com.st.stm32cube.ide.feature.mcu.externaltools.gnu_tools_for_stm32_1.5.0.202011040924
2021-01-18 09:03:19,736 [ERROR] LogOutputStream:74 - [STDERR_REDIRECT] Artifact repository out of sync. Overwriting C:\ST\STM32CubeIDE_1.3.0\STM32CubeIDE\features\com.st.stm32cube.ide.feature.mcu.externaltools.jlink_1.5.0.202011040924
2021-01-18 09:03:19,806 [ERROR] LogOutputStream:74 - [STDERR_REDIRECT] Artifact repository out of sync. Overwriting C:\ST\STM32CubeIDE_1.3.0\STM32CubeIDE\features\com.st.stm32cube.ide.feature.mcu.externaltools.make_1.5.0.202011040924
2021-01-18 09:03:19,860 [ERROR] LogOutputStream:74 - [STDERR_REDIRECT] Artifact repository out of sync. Overwriting C:\ST\STM32CubeIDE_1.3.0\STM32CubeIDE\features\com.st.stm32cube.ide.feature.mcu.externaltools.openocd_1.5.0.202011040924
2021-01-18 09:03:20,177 [ERROR] LogOutputStream:74 - [STDERR_REDIRECT] Artifact repository out of sync. Overwriting C:\ST\STM32CubeIDE_1.3.0\STM32CubeIDE\features\com.st.stm32cube.ide.feature.mcu.externaltools.stlink_gdb_server_1.5.0.202011040924
2021-01-18 09:03:20,269 [ERROR] LogOutputStream:74 - [STDERR_REDIRECT] Artifact repository out of sync. Overwriting C:\ST\STM32CubeIDE_1.3.0\STM32CubeIDE\features\com.st.stm32cube.ide.feature.mcu.externaltools.stlinkserver_1.5.0.202011040924
2021-01-18 09:03:20,354 [ERROR] LogOutputStream:74 - [STDERR_REDIRECT] Artifact repository out of sync. Overwriting C:\ST\STM32CubeIDE_1.3.0\STM32CubeIDE\features\com.st.stm32cube.ide.feature.mcu.externaltools.ui_1.5.0.202011040924
2021-01-18 09:03:20,626 [ERROR] LogOutputStream:74 - [STDERR_REDIRECT] Artifact repository out of sync. Overwriting C:\ST\STM32CubeIDE_1.3.0\STM32CubeIDE\features\com.st.stm32cube.ide.feature.mcu.faultanalyzer_1.5.0.202011040924
2021-01-18 09:03:20,806 [ERROR] LogOutputStream:74 - [STDERR_REDIRECT] Artifact repository out of sync. Overwriting C:\ST\STM32CubeIDE_1.3.0\STM32CubeIDE\features\com.st.stm32cube.ide.feature.mcu.freertos_1.5.0.202011161802
2021-01-18 09:03:20,812 [INFO] ProjectBuilder:2894 - Time for Generating toolchain IDE Files: 16826mS.
2021-01-18 09:03:20,817 [INFO] ProjectBuilder:1878 - Time for Copy CMSIS : 3mS.
2021-01-18 09:03:20,825 [INFO] ProjectBuilder:1878 - Time for Copy CMSIS : 0mS.
2021-01-18 09:03:20,906 [ERROR] LogOutputStream:74 - [STDERR_REDIRECT] Artifact repository out of sync. Overwriting C:\ST\STM32CubeIDE_1.3.0\STM32CubeIDE\features\com.st.stm32cube.ide.feature.mcu.ide_1.5.0.202011040924
2021-01-18 09:03:21,350 [ERROR] LogOutputStream:74 - [STDERR_REDIRECT] Artifact repository out of sync. Overwriting C:\ST\STM32CubeIDE_1.3.0\STM32CubeIDE\features\com.st.stm32cube.ide.feature.mcu.informationcenter_1.5.0.202011040924
2021-01-18 09:03:21,360 [ERROR] LogOutputStream:74 - [STDERR_REDIRECT] Artifact repository out of sync. Overwriting C:\ST\STM32CubeIDE_1.3.0\STM32CubeIDE\features\com.st.stm32cube.ide.feature.mcu.linker_1.5.0.202011051335
2021-01-18 09:03:21,400 [ERROR] LogOutputStream:74 - [STDERR_REDIRECT] Artifact repository out of sync. Overwriting C:\ST\STM32CubeIDE_1.3.0\STM32CubeIDE\features\com.st.stm32cube.ide.feature.mcu.linker.ui_1.5.0.202011040924
2021-01-18 09:03:21,799 [ERROR] LogOutputStream:74 - [STDERR_REDIRECT] Artifact repository out of sync. Overwriting C:\ST\STM32CubeIDE_1.3.0\STM32CubeIDE\features\com.st.stm32cube.ide.feature.mcu.livewatch_1.5.0.202011040924
2021-01-18 09:03:21,805 [ERROR] LogOutputStream:74 - [STDERR_REDIRECT] Artifact repository out of sync. Overwriting C:\ST\STM32CubeIDE_1.3.0\STM32CubeIDE\features\com.st.stm32cube.ide.feature.mcu.linkerdb_1.5.0.202011051335
2021-01-18 09:03:21,830 [ERROR] LogOutputStream:74 - [STDERR_REDIRECT] Artifact repository out of sync. Overwriting C:\ST\STM32CubeIDE_1.3.0\STM32CubeIDE\features\com.st.stm32cube.ide.feature.mcu.p2_1.5.0.202011131318
2021-01-18 09:03:22,190 [ERROR] LogOutputStream:74 - [STDERR_REDIRECT] Artifact repository out of sync. Overwriting C:\ST\STM32CubeIDE_1.3.0\STM32CubeIDE\features\com.st.stm32cube.ide.feature.mcu.productdb.debug_1.5.0.202011051456
2021-01-18 09:03:22,238 [ERROR] LogOutputStream:74 - [STDERR_REDIRECT] Artifact repository out of sync. Overwriting C:\ST\STM32CubeIDE_1.3.0\STM32CubeIDE\features\com.st.stm32cube.ide.feature.mcu.productdb_1.5.0.202011051456
2021-01-18 09:03:22,347 [ERROR] LogOutputStream:74 - [STDERR_REDIRECT] Artifact repository out of sync. Overwriting C:\ST\STM32CubeIDE_1.3.0\STM32CubeIDE\features\com.st.stm32cube.ide.feature.mcu.projectnatures_1.5.0.202011040924
2021-01-18 09:03:22,605 [ERROR] LogOutputStream:74 - [STDERR_REDIRECT] Artifact repository out of sync. Overwriting C:\ST\STM32CubeIDE_1.3.0\STM32CubeIDE\features\com.st.stm32cube.ide.feature.mcu.projecttree_1.5.0.202011040924
2021-01-18 09:03:22,647 [ERROR] LogOutputStream:74 - [STDERR_REDIRECT] Artifact repository out of sync. Overwriting C:\ST\STM32CubeIDE_1.3.0\STM32CubeIDE\features\com.st.stm32cube.ide.feature.mcu.resources.common_1.5.0.202011040924
2021-01-18 09:03:22,750 [ERROR] LogOutputStream:74 - [STDERR_REDIRECT] Artifact repository out of sync. Overwriting C:\ST\STM32CubeIDE_1.3.0\STM32CubeIDE\features\com.st.stm32cube.ide.feature.mcu.resources.extended_1.5.0.202011040924
2021-01-18 09:03:23,175 [ERROR] LogOutputStream:74 - [STDERR_REDIRECT] Artifact repository out of sync. Overwriting C:\ST\STM32CubeIDE_1.3.0\STM32CubeIDE\features\com.st.stm32cube.ide.feature.mcu.stackanalyzer_1.5.0.202011040924
2021-01-18 09:03:23,224 [ERROR] LogOutputStream:74 - [STDERR_REDIRECT] Artifact repository out of sync. Overwriting C:\ST\STM32CubeIDE_1.3.0\STM32CubeIDE\features\com.st.stm32cube.ide.feature.mcu.startup_1.5.0.202011040924
2021-01-18 09:03:23,287 [ERROR] LogOutputStream:74 - [STDERR_REDIRECT] Artifact repository out of sync. Overwriting C:\ST\STM32CubeIDE_1.3.0\STM32CubeIDE\features\com.st.stm32cube.ide.feature.mcu.targetadapter_1.5.0.202011040924
2021-01-18 09:03:23,561 [ERROR] LogOutputStream:74 - [STDERR_REDIRECT] Artifact repository out of sync. Overwriting C:\ST\STM32CubeIDE_1.3.0\STM32CubeIDE\features\com.st.stm32cube.ide.feature.mcu.toolchain.arm_none_1.5.0.202011040924
2021-01-18 09:03:23,649 [ERROR] LogOutputStream:74 - [STDERR_REDIRECT] Artifact repository out of sync. Overwriting C:\ST\STM32CubeIDE_1.3.0\STM32CubeIDE\features\com.st.stm32cube.ide.feature.mcu.toolchain_1.5.0.202011041201
2021-01-18 09:03:23,700 [ERROR] LogOutputStream:74 - [STDERR_REDIRECT] Artifact repository out of sync. Overwriting C:\ST\STM32CubeIDE_1.3.0\STM32CubeIDE\features\com.st.stm32cube.ide.feature.mcu.toolchain.ui_1.5.0.202011040924
2021-01-18 09:03:23,987 [ERROR] LogOutputStream:74 - [STDERR_REDIRECT] Artifact repository out of sync. Overwriting C:\ST\STM32CubeIDE_1.3.0\STM32CubeIDE\features\com.st.stm32cube.ide.feature.mpu.debug_1.5.0.202011040924
2021-01-18 09:03:24,085 [ERROR] LogOutputStream:74 - [STDERR_REDIRECT] Artifact repository out of sync. Overwriting C:\ST\STM32CubeIDE_1.3.0\STM32CubeIDE\features\com.st.stm32cube.ide.feature.mpu.debug.openocd_1.5.0.202011040924
2021-01-18 09:03:24,129 [ERROR] LogOutputStream:74 - [STDERR_REDIRECT] Artifact repository out of sync. Overwriting C:\ST\STM32CubeIDE_1.3.0\STM32CubeIDE\features\com.st.stm32cube.ide.feature.mpu.ide_1.5.0.202011040924
2021-01-18 09:03:24,376 [ERROR] LogOutputStream:74 - [STDERR_REDIRECT] Artifact repository out of sync. Overwriting C:\ST\STM32CubeIDE_1.3.0\STM32CubeIDE\features\com.st.stm32cube.ide.feature.mpu.linker_1.5.0.202011040924
2021-01-18 09:03:24,508 [ERROR] LogOutputStream:74 - [STDERR_REDIRECT] Artifact repository out of sync. Overwriting C:\ST\STM32CubeIDE_1.3.0\STM32CubeIDE\features\com.st.stm32cube.ide.feature.mpu.linkerdb_1.5.0.202011040924
2021-01-18 09:03:24,513 [ERROR] LogOutputStream:74 - [STDERR_REDIRECT] Artifact repository out of sync. Overwriting C:\ST\STM32CubeIDE_1.3.0\STM32CubeIDE\features\com.st.stm32cube.ide.feature.mpu.linux.debug_1.5.0.202011161402
2021-01-18 09:03:24,782 [ERROR] LogOutputStream:74 - [STDERR_REDIRECT] Artifact repository out of sync. Overwriting C:\ST\STM32CubeIDE_1.3.0\STM32CubeIDE\features\com.st.stm32cube.ide.feature.mpu.linux.ide_1.5.0.202011040924
2021-01-18 09:03:24,865 [ERROR] LogOutputStream:74 - [STDERR_REDIRECT] Artifact repository out of sync. Overwriting C:\ST\STM32CubeIDE_1.3.0\STM32CubeIDE\features\com.st.stm32cube.ide.feature.mpu.linux.openstlinux.core_1.5.0.202011040924
2021-01-18 09:03:24,905 [ERROR] LogOutputStream:74 - [STDERR_REDIRECT] Artifact repository out of sync. Overwriting C:\ST\STM32CubeIDE_1.3.0\STM32CubeIDE\features\com.st.stm32cube.ide.feature.mpu.linux.projectcreation_1.5.0.202011040924
2021-01-18 09:03:25,164 [ERROR] LogOutputStream:74 - [STDERR_REDIRECT] Artifact repository out of sync. Overwriting C:\ST\STM32CubeIDE_1.3.0\STM32CubeIDE\features\com.st.stm32cube.ide.feature.mpu.linux.toolchain_1.5.0.202011040924
2021-01-18 09:03:25,236 [ERROR] LogOutputStream:74 - [STDERR_REDIRECT] Artifact repository out of sync. Overwriting C:\ST\STM32CubeIDE_1.3.0\STM32CubeIDE\features\com.st.stm32cube.ide.feature.mpu.productdb.debug_1.5.0.202011040924
2021-01-18 09:03:25,348 [ERROR] LogOutputStream:74 - [STDERR_REDIRECT] Artifact repository out of sync. Overwriting C:\ST\STM32CubeIDE_1.3.0\STM32CubeIDE\features\com.st.stm32cube.ide.feature.mpu.productdb_1.5.0.202011040924
2021-01-18 09:03:25,554 [ERROR] LogOutputStream:74 - [STDERR_REDIRECT] Artifact repository out of sync. Overwriting C:\ST\STM32CubeIDE_1.3.0\STM32CubeIDE\features\com.st.stm32cube.ide.feature.mpu.projectnatures_1.5.0.202011040924
2021-01-18 09:03:25,686 [ERROR] LogOutputStream:74 - [STDERR_REDIRECT] Artifact repository out of sync. Overwriting C:\ST\STM32CubeIDE_1.3.0\STM32CubeIDE\features\com.st.stm32cube.ide.feature.mpu.projecttree_1.5.0.202011040924
2021-01-18 09:03:25,741 [ERROR] LogOutputStream:74 - [STDERR_REDIRECT] Artifact repository out of sync. Overwriting C:\ST\STM32CubeIDE_1.3.0\STM32CubeIDE\features\com.st.stm32cube.ide.feature.mpu.remote.serial_1.5.0.202011040924
2021-01-18 09:03:25,971 [ERROR] LogOutputStream:74 - [STDERR_REDIRECT] Artifact repository out of sync. Overwriting C:\ST\STM32CubeIDE_1.3.0\STM32CubeIDE\features\com.st.stm32cube.ide.feature.mpu.remote.ssh_1.5.0.202011040924
2021-01-18 09:03:26,172 [ERROR] LogOutputStream:74 - [STDERR_REDIRECT] Artifact repository out of sync. Overwriting C:\ST\STM32CubeIDE_1.3.0\STM32CubeIDE\features\com.st.stm32cube.ide.feature.mpu.resources.common_1.5.0.202011040924
2021-01-18 09:03:26,310 [ERROR] LogOutputStream:74 - [STDERR_REDIRECT] Artifact repository out of sync. Overwriting C:\ST\STM32CubeIDE_1.3.0\STM32CubeIDE\features\com.st.stm32cube.ide.feature.mpu.resources.extended_1.5.0.202011040924
2021-01-18 09:03:26,380 [ERROR] LogOutputStream:74 - [STDERR_REDIRECT] Artifact repository out of sync. Overwriting C:\ST\STM32CubeIDE_1.3.0\STM32CubeIDE\features\com.st.stm32cube.ide.feature.mpu.startup_1.5.0.202011040924
2021-01-18 09:03:26,552 [ERROR] LogOutputStream:74 - [STDERR_REDIRECT] Artifact repository out of sync. Overwriting C:\ST\STM32CubeIDE_1.3.0\STM32CubeIDE\features\com.st.stm32cube.ide.feature.mpu.targetadapter_1.5.0.202011040924
2021-01-18 09:03:26,711 [ERROR] LogOutputStream:74 - [STDERR_REDIRECT] Artifact repository out of sync. Overwriting C:\ST\STM32CubeIDE_1.3.0\STM32CubeIDE\plugins\com.st.stm32cube.ide.mcu.freertos_1.5.0.202011131105.jar
2021-01-18 09:03:26,775 [ERROR] LogOutputStream:74 - [STDERR_REDIRECT] Artifact repository out of sync. Overwriting C:\ST\STM32CubeIDE_1.3.0\STM32CubeIDE\plugins\com.st.stm32cube.ide.mcu.linkerdb_1.5.0.202011051335
2021-01-18 09:03:26,965 [ERROR] LogOutputStream:74 - [STDERR_REDIRECT] Artifact repository out of sync. Overwriting C:\ST\STM32CubeIDE_1.3.0\STM32CubeIDE\plugins\com.st.stm32cube.ide.mcu.livewatch_1.5.0.202011040924.jar
2021-01-18 09:03:27,306 [ERROR] LogOutputStream:74 - [STDERR_REDIRECT] Artifact repository out of sync. Overwriting C:\ST\STM32CubeIDE_1.3.0\STM32CubeIDE\plugins\com.st.stm32cube.ide.mcu.p2_1.5.0.202011131318.jar
2021-01-18 09:03:27,510 [ERROR] LogOutputStream:74 - [STDERR_REDIRECT] Artifact repository out of sync. Overwriting C:\ST\STM32CubeIDE_1.3.0\STM32CubeIDE\plugins\com.st.stm32cube.ide.mpu.linkerdb_1.5.0.202011040924
2021-01-18 09:03:27,686 [ERROR] LogOutputStream:74 - [STDERR_REDIRECT] Artifact repository out of sync. Overwriting C:\ST\STM32CubeIDE_1.3.0\STM32CubeIDE\plugins\com.st.stm32cube.ide.mpu.linux.ide_1.5.0.202011040924.jar
2021-01-18 09:03:27,880 [ERROR] LogOutputStream:74 - [STDERR_REDIRECT] Artifact repository out of sync. Overwriting C:\ST\STM32CubeIDE_1.3.0\STM32CubeIDE\plugins\com.st.stm32cube.ide.mpu.linux.openstlinux.sources.core_1.5.0.202011040924.jar
2021-01-18 09:03:27,917 [ERROR] LogOutputStream:74 - [STDERR_REDIRECT] Artifact repository out of sync. Overwriting C:\ST\STM32CubeIDE_1.3.0\STM32CubeIDE\plugins\com.st.stm32cube.ide.mpu.targetadapter_1.5.0.202011040924
2021-01-18 09:03:28,088 [ERROR] LogOutputStream:74 - [STDERR_REDIRECT] Artifact repository out of sync. Overwriting C:\ST\STM32CubeIDE_1.3.0\STM32CubeIDE\features\org.eclipse.rse.core_4.5.100.202002061858
2021-01-18 09:03:28,209 [ERROR] LogOutputStream:74 - [STDERR_REDIRECT] Artifact repository out of sync. Overwriting C:\ST\STM32CubeIDE_1.3.0\STM32CubeIDE\features\org.eclipse.rse.dstore_4.5.100.202002061858
2021-01-18 09:03:28,364 [ERROR] LogOutputStream:74 - [STDERR_REDIRECT] Artifact repository out of sync. Overwriting C:\ST\STM32CubeIDE_1.3.0\STM32CubeIDE\features\org.eclipse.rse_4.5.100.202002061858
2021-01-18 09:03:28,448 [ERROR] LogOutputStream:74 - [STDERR_REDIRECT] Artifact repository out of sync. Overwriting C:\ST\STM32CubeIDE_1.3.0\STM32CubeIDE\features\org.eclipse.rse.ftp_4.5.100.202002061858
2021-01-18 09:03:28,555 [ERROR] LogOutputStream:74 - [STDERR_REDIRECT] Artifact repository out of sync. Overwriting C:\ST\STM32CubeIDE_1.3.0\STM32CubeIDE\features\org.eclipse.rse.local_4.5.100.202002061858
2021-01-18 09:03:28,731 [ERROR] LogOutputStream:74 - [STDERR_REDIRECT] Artifact repository out of sync. Overwriting C:\ST\STM32CubeIDE_1.3.0\STM32CubeIDE\features\org.eclipse.rse.ssh_4.5.100.202002061858
2021-01-18 09:03:28,809 [ERROR] LogOutputStream:74 - [STDERR_REDIRECT] Artifact repository out of sync. Overwriting C:\ST\STM32CubeIDE_1.3.0\STM32CubeIDE\features\org.eclipse.rse.telnet_4.5.100.202002061858
2021-01-18 09:03:28,939 [ERROR] LogOutputStream:74 - [STDERR_REDIRECT] Artifact repository out of sync. Overwriting C:\ST\STM32CubeIDE_1.3.0\STM32CubeIDE\plugins\org.eclipse.swtchart_0.12.0.202003130409.jar
2021-01-18 09:03:29,108 [ERROR] LogOutputStream:74 - [STDERR_REDIRECT] Artifact repository out of sync. Overwriting C:\ST\STM32CubeIDE_1.3.0\STM32CubeIDE\plugins\org.eclipse.swtchart.extensions_0.12.0.202003130409.jar
2021-01-18 09:04:12,594 [ERROR] LogOutputStream:74 - [STDERR_REDIRECT] Artifact repository out of sync. Overwriting C:\ST\STM32CubeIDE_1.3.0\STM32CubeIDE\plugins\com.st.stm32cube.ide.mcu.rcp_1.5.1.202012101225.jar
2021-01-18 09:04:12,604 [ERROR] LogOutputStream:74 - [STDERR_REDIRECT] Artifact repository out of sync. Overwriting C:\ST\STM32CubeIDE_1.3.0\STM32CubeIDE\plugins\com.st.stm32cube.common.mx.oss_6.1.1.202012091304
2021-01-18 09:04:12,615 [ERROR] LogOutputStream:74 - [STDERR_REDIRECT] Artifact repository out of sync. Overwriting C:\ST\STM32CubeIDE_1.3.0\STM32CubeIDE\plugins\com.st.stm32cube.common.mx.stinsider_6.1.1.202012091304
2021-01-18 09:04:12,875 [INFO] UtilMem:74 - End SaveConfig() Used Memory: 615849392 Bytes (981467136)
2021-01-18 09:04:12,989 [ERROR] LogOutputStream:74 - [STDERR_REDIRECT] Artifact repository out of sync. Overwriting C:\ST\STM32CubeIDE_1.3.0\STM32CubeIDE\features\com.st.stm32cube.common.feature.mx_6.1.1.202012091304
2021-01-18 09:04:13,136 [ERROR] LogOutputStream:74 - [STDERR_REDIRECT] Artifact repository out of sync. Overwriting C:\ST\STM32CubeIDE_1.3.0\STM32CubeIDE\features\com.st.stm32cube.common.feature.mx.stinsider_6.1.1.202012091304
2021-01-18 09:04:13,330 [ERROR] LogOutputStream:74 - [STDERR_REDIRECT] Artifact repository out of sync. Overwriting C:\ST\STM32CubeIDE_1.3.0\STM32CubeIDE\features\com.st.stm32cube.ide.feature.mcu.analytics_1.5.1.202012101225
2021-01-18 09:04:13,422 [ERROR] LogOutputStream:74 - [STDERR_REDIRECT] Artifact repository out of sync. Overwriting C:\ST\STM32CubeIDE_1.3.0\STM32CubeIDE\features\com.st.stm32cube.ide.feature.mcu.rcp_1.5.1.202012101225
2021-01-18 09:04:13,471 [ERROR] LogOutputStream:74 - [STDERR_REDIRECT] Artifact repository out of sync. Overwriting C:\ST\STM32CubeIDE_1.3.0\STM32CubeIDE\plugins\com.st.stm32cube.ide.mcu.analytics_1.5.1.202012101225
2021-01-18 09:04:14,205 [INFO] UtilMem:74 - End SaveConfig() Used Memory: 491080088 Bytes (981467136)
2021-01-18 09:04:14,443 [INFO] UtilMem:74 - End SaveConfig() Used Memory: 582564032 Bytes (981467136)
2021-01-18 09:04:14,676 [INFO] BlockDiagram:2671 - set Specific Code input for plugin: SYS
2021-01-18 09:04:14,676 [INFO] BlockDiagram:2671 - set Specific Code input for plugin: NVIC
2021-01-18 09:04:14,676 [INFO] BlockDiagram:2671 - set Specific Code input for plugin: DAC
2021-01-18 09:04:14,677 [INFO] BlockDiagram:2671 - set Specific Code input for plugin: GPIO
2021-01-18 09:04:14,678 [INFO] CodeGenerator:603 - code generatio: config db path: C:\ST\STM32CubeIDE_1.3.0\STM32CubeIDE\plugins\com.st.stm32cube.common.mx_5.6.1.202004052303\\db\
2021-01-18 09:04:14,994 [INFO] CodeEngine:188 - oldGeneratedFile, C:\Users\Nanodyn - Spare\OneDrive - Nanodyn\Desktop\Github\Waveform-generator\Waveform Generator\MXTmpFiles\license.tmp_save
2021-01-18 09:04:15,089 [INFO] CodeEngine:206 - Generated code: C:\Users\Nanodyn - Spare\OneDrive - Nanodyn\Desktop\Github\Waveform-generator\Waveform Generator\MXTmpFiles\license.tmp
2021-01-18 09:04:15,160 [INFO] CodeEngine:188 - oldGeneratedFile, C:\Users\Nanodyn - Spare\OneDrive - Nanodyn\Desktop\Github\Waveform-generator\Waveform Generator\MXTmpFiles\gpio.tmp_save
2021-01-18 09:04:15,317 [INFO] CodeEngine:206 - Generated code: C:\Users\Nanodyn - Spare\OneDrive - Nanodyn\Desktop\Github\Waveform-generator\Waveform Generator\MXTmpFiles\gpio.tmp
2021-01-18 09:04:15,357 [INFO] LogOutputStream:76 - [STDOUT_REDIRECT] Command line
2021-01-18 09:04:15,358 [INFO] LogOutputStream:76 - [STDOUT_REDIRECT] Debug : prepare data for DAC
2021-01-18 09:04:15,359 [INFO] LogOutputStream:76 - [STDOUT_REDIRECT] Command line test
2021-01-18 09:04:15,360 [INFO] LogOutputStream:76 - [STDOUT_REDIRECT] Debug : prepare data for NVIC
2021-01-18 09:04:15,361 [INFO] LogOutputStream:76 - [STDOUT_REDIRECT] Command line test
2021-01-18 09:04:15,373 [INFO] CodeEngine:188 - oldGeneratedFile, C:\Users\Nanodyn - Spare\OneDrive - Nanodyn\Desktop\Github\Waveform-generator\Waveform Generator\Core\Src\stm32f4xx_it.c_save
2021-01-18 09:04:15,642 [INFO] CodeEngine:206 - Generated code: C:\Users\Nanodyn - Spare\OneDrive - Nanodyn\Desktop\Github\Waveform-generator\Waveform Generator\Core\Src\stm32f4xx_it.c
2021-01-18 09:04:15,654 [INFO] CodeEngine:188 - oldGeneratedFile, C:\Users\Nanodyn - Spare\OneDrive - Nanodyn\Desktop\Github\Waveform-generator\Waveform Generator\Core\Inc\stm32f4xx_it.h_save
2021-01-18 09:04:15,762 [INFO] CodeEngine:206 - Generated code: C:\Users\Nanodyn - Spare\OneDrive - Nanodyn\Desktop\Github\Waveform-generator\Waveform Generator\Core\Inc\stm32f4xx_it.h
2021-01-18 09:04:15,776 [INFO] CodeEngine:188 - oldGeneratedFile, C:\Users\Nanodyn - Spare\OneDrive - Nanodyn\Desktop\Github\Waveform-generator\Waveform Generator\Core\Src\stm32f4xx_hal_msp.c_save
2021-01-18 09:04:15,934 [INFO] CodeEngine:206 - Generated code: C:\Users\Nanodyn - Spare\OneDrive - Nanodyn\Desktop\Github\Waveform-generator\Waveform Generator\Core\Src\stm32f4xx_hal_msp.c
2021-01-18 09:04:15,943 [INFO] CodeEngine:188 - oldGeneratedFile, C:\Users\Nanodyn - Spare\OneDrive - Nanodyn\Desktop\Github\Waveform-generator\Waveform Generator\MXTmpFiles\system.tmp_save
2021-01-18 09:04:16,026 [INFO] CodeEngine:206 - Generated code: C:\Users\Nanodyn - Spare\OneDrive - Nanodyn\Desktop\Github\Waveform-generator\Waveform Generator\MXTmpFiles\system.tmp
2021-01-18 09:04:16,036 [INFO] CodeEngine:188 - oldGeneratedFile, C:\Users\Nanodyn - Spare\OneDrive - Nanodyn\Desktop\Github\Waveform-generator\Waveform Generator\Core\Inc\stm32f4xx_hal_conf.h_save
2021-01-18 09:04:16,131 [INFO] CodeEngine:206 - Generated code: C:\Users\Nanodyn - Spare\OneDrive - Nanodyn\Desktop\Github\Waveform-generator\Waveform Generator\Core\Inc\stm32f4xx_hal_conf.h
2021-01-18 09:04:16,148 [WARN] IPConfigManager:2701 - IP not found : gpio
2021-01-18 09:04:16,149 [WARN] CodeGenerator:2649 - IP not found : gpio
2021-01-18 09:04:16,156 [INFO] CodeEngine:188 - oldGeneratedFile, C:\Users\Nanodyn - Spare\OneDrive - Nanodyn\Desktop\Github\Waveform-generator\Waveform Generator\Core\Inc\main.h_save
2021-01-18 09:04:16,247 [INFO] CodeEngine:206 - Generated code: C:\Users\Nanodyn - Spare\OneDrive - Nanodyn\Desktop\Github\Waveform-generator\Waveform Generator\Core\Inc\main.h
2021-01-18 09:04:16,255 [INFO] CodeEngine:188 - oldGeneratedFile, C:\Users\Nanodyn - Spare\OneDrive - Nanodyn\Desktop\Github\Waveform-generator\Waveform Generator\Core\Src\main.c_save
2021-01-18 09:04:16,393 [INFO] CodeEngine:206 - Generated code: C:\Users\Nanodyn - Spare\OneDrive - Nanodyn\Desktop\Github\Waveform-generator\Waveform Generator\Core\Src\main.c
2021-01-18 09:04:17,372 [INFO] ProjectBuilder:2002 - Time for Copy HAL[1] : 216mS.
2021-01-18 09:04:17,377 [INFO] ProjectBuilder:2727 - Project Generator version: 3.7.1
2021-01-18 09:04:18,085 [INFO] ConfigFileManager:1066 - The Die is : DIE419
2021-01-18 09:04:20,551 [INFO] ProjectBuilder:2894 - Time for Generating toolchain IDE Files: 3175mS.
2021-01-18 09:04:20,553 [INFO] ProjectBuilder:1878 - Time for Copy CMSIS : 1mS.
2021-01-18 09:04:20,582 [INFO] ProjectBuilder:1878 - Time for Copy CMSIS : 0mS.
